running develop
/usr/lib/python3/dist-packages/setuptools/command/easy_install.py:158: EasyInstallDeprecationWarning: easy_install command is deprecated. Use build and pip and other standards-based tools.
  warnings.warn(
running egg_info
creating turtlebot3_manipulator.egg-info
writing turtlebot3_manipulator.egg-info/PKG-INFO
writing dependency_links to turtlebot3_manipulator.egg-info/dependency_links.txt
writing entry points to turtlebot3_manipulator.egg-info/entry_points.txt
writing requirements to turtlebot3_manipulator.egg-info/requires.txt
writing top-level names to turtlebot3_manipulator.egg-info/top_level.txt
writing manifest file 'turtlebot3_manipulator.egg-info/SOURCES.txt'
reading manifest file 'turtlebot3_manipulator.egg-info/SOURCES.txt'
writing manifest file 'turtlebot3_manipulator.egg-info/SOURCES.txt'
running build_ext
Creating /home/yoonkangrok/Turtlebot3_Manipulator/install/turtlebot3_manipulator/lib/python3.10/site-packages/turtlebot3-manipulator.egg-link (link to .)
Installing main_system script to /home/yoonkangrok/Turtlebot3_Manipulator/install/turtlebot3_manipulator/lib/turtlebot3_manipulator

Installed /home/yoonkangrok/Turtlebot3_Manipulator/build/turtlebot3_manipulator
running symlink_data
creating /home/yoonkangrok/Turtlebot3_Manipulator/install/turtlebot3_manipulator/share/ament_index
creating /home/yoonkangrok/Turtlebot3_Manipulator/install/turtlebot3_manipulator/share/ament_index/resource_index
creating /home/yoonkangrok/Turtlebot3_Manipulator/install/turtlebot3_manipulator/share/ament_index/resource_index/packages
symbolically linking /home/yoonkangrok/Turtlebot3_Manipulator/build/turtlebot3_manipulator/resource/turtlebot3_manipulator -> /home/yoonkangrok/Turtlebot3_Manipulator/install/turtlebot3_manipulator/share/ament_index/resource_index/packages
symbolically linking /home/yoonkangrok/Turtlebot3_Manipulator/build/turtlebot3_manipulator/package.xml -> /home/yoonkangrok/Turtlebot3_Manipulator/install/turtlebot3_manipulator/share/turtlebot3_manipulator
