[0.009s] Invoking command in '/home/yoonkangrok/Turtlebot3_Manipulator/build/usb_cam': CMAKE_PREFIX_PATH=${CMAKE_PREFIX_PATH}:/home/yoonkangrok/Turtlebot3_Manipulator/install/turtlebot3_manipulator:/opt/ros/humble /usr/bin/cmake --build /home/yoonkangrok/Turtlebot3_Manipulator/build/usb_cam -- -j8 -l8
[0.057s] [ 14%] Built target gtest_main
[0.058s] [ 28%] Built target gtest
[0.060s] [ 42%] Built target usb_cam
[0.062s] [ 57%] Built target usb_cam_node_exe
[0.088s] [ 71%] Built target test_usb_cam_utils
[0.090s] [ 78%] [32mBuilding CXX object CMakeFiles/usb_cam_node.dir/src/ros2/usb_cam_node.cpp.o[0m
[0.093s] [ 92%] Built target test_pixel_formats
[6.468s] [100%] [32m[1mLinking CXX shared library libusb_cam_node.so[0m
[6.887s] [100%] Built target usb_cam_node
[6.896s] Invoked command in '/home/yoonkangrok/Turtlebot3_Manipulator/build/usb_cam' returned '0': CMAKE_PREFIX_PATH=${CMAKE_PREFIX_PATH}:/home/yoonkangrok/Turtlebot3_Manipulator/install/turtlebot3_manipulator:/opt/ros/humble /usr/bin/cmake --build /home/yoonkangrok/Turtlebot3_Manipulator/build/usb_cam -- -j8 -l8
[6.926s] Invoking command in '/home/yoonkangrok/Turtlebot3_Manipulator/build/usb_cam': CMAKE_PREFIX_PATH=${CMAKE_PREFIX_PATH}:/home/yoonkangrok/Turtlebot3_Manipulator/install/turtlebot3_manipulator:/opt/ros/humble /usr/bin/cmake --install /home/yoonkangrok/Turtlebot3_Manipulator/build/usb_cam
[6.932s] -- Install configuration: ""
[6.933s] -- Execute custom install script
[6.933s] -- Up-to-date symlink: /home/yoonkangrok/Turtlebot3_Manipulator/install/usb_cam/share/usb_cam/environment/library_path.sh
[6.933s] -- Up-to-date symlink: /home/yoonkangrok/Turtlebot3_Manipulator/install/usb_cam/share/usb_cam/environment/library_path.dsv
[6.933s] -- Up-to-date symlink: /home/yoonkangrok/Turtlebot3_Manipulator/install/usb_cam/lib/usb_cam/usb_cam_node_exe
[6.933s] -- Up-to-date symlink: /home/yoonkangrok/Turtlebot3_Manipulator/install/usb_cam/lib/usb_cam/show_image.py
[6.933s] -- Up-to-date symlink: /home/yoonkangrok/Turtlebot3_Manipulator/install/usb_cam/lib/libusb_cam.so
[6.934s] -- Up-to-date symlink: /home/yoonkangrok/Turtlebot3_Manipulator/install/usb_cam/lib/libusb_cam_node.so
[6.934s] -- Up-to-date symlink: /home/yoonkangrok/Turtlebot3_Manipulator/install/usb_cam/include/usb_cam/constants.hpp
[6.934s] -- Up-to-date symlink: /home/yoonkangrok/Turtlebot3_Manipulator/install/usb_cam/include/usb_cam/conversions.hpp
[6.934s] -- Up-to-date symlink: /home/yoonkangrok/Turtlebot3_Manipulator/install/usb_cam/include/usb_cam/formats/av_pixel_format_helper.hpp
[6.934s] -- Up-to-date symlink: /home/yoonkangrok/Turtlebot3_Manipulator/install/usb_cam/include/usb_cam/formats/m420.hpp
[6.934s] -- Up-to-date symlink: /home/yoonkangrok/Turtlebot3_Manipulator/install/usb_cam/include/usb_cam/formats/mjpeg.hpp
[6.934s] -- Up-to-date symlink: /home/yoonkangrok/Turtlebot3_Manipulator/install/usb_cam/include/usb_cam/formats/mono.hpp
[6.934s] -- Up-to-date symlink: /home/yoonkangrok/Turtlebot3_Manipulator/install/usb_cam/include/usb_cam/formats/pixel_format_base.hpp
[6.935s] -- Up-to-date symlink: /home/yoonkangrok/Turtlebot3_Manipulator/install/usb_cam/include/usb_cam/formats/rgb.hpp
[6.935s] -- Up-to-date symlink: /home/yoonkangrok/Turtlebot3_Manipulator/install/usb_cam/include/usb_cam/formats/utils.hpp
[6.935s] -- Up-to-date symlink: /home/yoonkangrok/Turtlebot3_Manipulator/install/usb_cam/include/usb_cam/formats/uyvy.hpp
[6.935s] -- Up-to-date symlink: /home/yoonkangrok/Turtlebot3_Manipulator/install/usb_cam/include/usb_cam/formats/yuyv.hpp
[6.935s] -- Up-to-date symlink: /home/yoonkangrok/Turtlebot3_Manipulator/install/usb_cam/include/usb_cam/usb_cam.hpp
[6.935s] -- Up-to-date symlink: /home/yoonkangrok/Turtlebot3_Manipulator/install/usb_cam/include/usb_cam/usb_cam_node.hpp
[6.935s] -- Up-to-date symlink: /home/yoonkangrok/Turtlebot3_Manipulator/install/usb_cam/include/usb_cam/utils.hpp
[6.935s] -- Up-to-date symlink: /home/yoonkangrok/Turtlebot3_Manipulator/install/usb_cam/lib/libusb_cam_node.so
[6.936s] -- Up-to-date symlink: /home/yoonkangrok/Turtlebot3_Manipulator/install/usb_cam/share/usb_cam/launch/__init__.py
[6.936s] -- Up-to-date symlink: /home/yoonkangrok/Turtlebot3_Manipulator/install/usb_cam/share/usb_cam/launch/camera.launch.py
[6.936s] -- Up-to-date symlink: /home/yoonkangrok/Turtlebot3_Manipulator/install/usb_cam/share/usb_cam/launch/camera_config.py
[6.936s] -- Up-to-date symlink: /home/yoonkangrok/Turtlebot3_Manipulator/install/usb_cam/share/usb_cam/config/camera_info.yaml
[6.936s] -- Up-to-date symlink: /home/yoonkangrok/Turtlebot3_Manipulator/install/usb_cam/share/usb_cam/config/params_1.yaml
[6.937s] -- Up-to-date symlink: /home/yoonkangrok/Turtlebot3_Manipulator/install/usb_cam/share/usb_cam/config/params_2.yaml
[6.937s] -- Up-to-date symlink: /home/yoonkangrok/Turtlebot3_Manipulator/install/usb_cam/share/ament_index/resource_index/package_run_dependencies/usb_cam
[6.937s] -- Up-to-date symlink: /home/yoonkangrok/Turtlebot3_Manipulator/install/usb_cam/share/ament_index/resource_index/parent_prefix_path/usb_cam
[6.937s] -- Up-to-date symlink: /home/yoonkangrok/Turtlebot3_Manipulator/install/usb_cam/share/usb_cam/environment/ament_prefix_path.sh
[6.937s] -- Up-to-date symlink: /home/yoonkangrok/Turtlebot3_Manipulator/install/usb_cam/share/usb_cam/environment/ament_prefix_path.dsv
[6.937s] -- Up-to-date symlink: /home/yoonkangrok/Turtlebot3_Manipulator/install/usb_cam/share/usb_cam/environment/path.sh
[6.937s] -- Up-to-date symlink: /home/yoonkangrok/Turtlebot3_Manipulator/install/usb_cam/share/usb_cam/environment/path.dsv
[6.938s] -- Up-to-date symlink: /home/yoonkangrok/Turtlebot3_Manipulator/install/usb_cam/share/usb_cam/local_setup.bash
[6.938s] -- Up-to-date symlink: /home/yoonkangrok/Turtlebot3_Manipulator/install/usb_cam/share/usb_cam/local_setup.sh
[6.938s] -- Up-to-date symlink: /home/yoonkangrok/Turtlebot3_Manipulator/install/usb_cam/share/usb_cam/local_setup.zsh
[6.938s] -- Up-to-date symlink: /home/yoonkangrok/Turtlebot3_Manipulator/install/usb_cam/share/usb_cam/local_setup.dsv
[6.938s] -- Symlinking: /home/yoonkangrok/Turtlebot3_Manipulator/install/usb_cam/share/usb_cam/package.dsv
[6.945s] -- Up-to-date symlink: /home/yoonkangrok/Turtlebot3_Manipulator/install/usb_cam/share/ament_index/resource_index/packages/usb_cam
[6.945s] -- Up-to-date symlink: /home/yoonkangrok/Turtlebot3_Manipulator/install/usb_cam/share/ament_index/resource_index/rclcpp_components/usb_cam
[6.945s] -- Up-to-date symlink: /home/yoonkangrok/Turtlebot3_Manipulator/install/usb_cam/share/usb_cam/cmake/ament_cmake_export_libraries-extras.cmake
[6.945s] -- Up-to-date symlink: /home/yoonkangrok/Turtlebot3_Manipulator/install/usb_cam/share/usb_cam/cmake/ament_cmake_export_dependencies-extras.cmake
[6.945s] -- Up-to-date symlink: /home/yoonkangrok/Turtlebot3_Manipulator/install/usb_cam/share/usb_cam/cmake/ament_cmake_export_include_directories-extras.cmake
[6.945s] -- Up-to-date symlink: /home/yoonkangrok/Turtlebot3_Manipulator/install/usb_cam/share/usb_cam/cmake/usb_camConfig.cmake
[6.946s] -- Up-to-date symlink: /home/yoonkangrok/Turtlebot3_Manipulator/install/usb_cam/share/usb_cam/cmake/usb_camConfig-version.cmake
[6.946s] -- Up-to-date symlink: /home/yoonkangrok/Turtlebot3_Manipulator/install/usb_cam/share/usb_cam/package.xml
[6.948s] Invoked command in '/home/yoonkangrok/Turtlebot3_Manipulator/build/usb_cam' returned '0': CMAKE_PREFIX_PATH=${CMAKE_PREFIX_PATH}:/home/yoonkangrok/Turtlebot3_Manipulator/install/turtlebot3_manipulator:/opt/ros/humble /usr/bin/cmake --install /home/yoonkangrok/Turtlebot3_Manipulator/build/usb_cam
