[0.132s] DEBUG:colcon:Command line arguments: ['/usr/bin/colcon', 'build', '--symlink-install']
[0.132s] DEBUG:colcon:Parsed command line arguments: Namespace(log_base=None, log_level=None, verb_name='build', build_base='build', install_base='install', merge_install=False, symlink_install=True, test_result_base=None, continue_on_error=False, executor='parallel', parallel_workers=8, event_handlers=None, ignore_user_meta=False, metas=['./colcon.meta'], base_paths=['.'], packages_ignore=None, packages_ignore_regex=None, paths=None, packages_up_to=None, packages_up_to_regex=None, packages_above=None, packages_above_and_dependencies=None, packages_above_depth=None, packages_select_by_dep=None, packages_skip_by_dep=None, packages_skip_up_to=None, packages_select_build_failed=False, packages_skip_build_finished=False, packages_select_test_failures=False, packages_skip_test_passed=False, packages_select=None, packages_skip=None, packages_select_regex=None, packages_skip_regex=None, packages_start=None, packages_end=None, allow_overriding=[], cmake_args=None, cmake_target=None, cmake_target_skip_unavailable=False, cmake_clean_cache=False, cmake_clean_first=False, cmake_force_configure=False, ament_cmake_args=None, catkin_cmake_args=None, catkin_skip_building_tests=False, verb_parser=<colcon_defaults.argument_parser.defaults.DefaultArgumentsDecorator object at 0x76e1113d5030>, verb_extension=<colcon_core.verb.build.BuildVerb object at 0x76e1113d4bb0>, main=<bound method BuildVerb.main of <colcon_core.verb.build.BuildVerb object at 0x76e1113d4bb0>>)
[0.305s] Level 1:colcon.colcon_core.package_discovery:discover_packages(colcon_meta) check parameters
[0.306s] Level 1:colcon.colcon_core.package_discovery:discover_packages(recursive) check parameters
[0.306s] Level 1:colcon.colcon_core.package_discovery:discover_packages(ignore) check parameters
[0.306s] Level 1:colcon.colcon_core.package_discovery:discover_packages(path) check parameters
[0.306s] Level 1:colcon.colcon_core.package_discovery:discover_packages(colcon_meta) discover
[0.306s] Level 1:colcon.colcon_core.package_discovery:discover_packages(recursive) discover
[0.306s] INFO:colcon.colcon_core.package_discovery:Crawling recursively for packages in '/home/yoonkangrok/Turtlebot3_Manipulator'
[0.306s] Level 1:colcon.colcon_core.package_identification:_identify(.) by extensions ['ignore', 'ignore_ament_install']
[0.306s] Level 1:colcon.colcon_core.package_identification:_identify(.) by extension 'ignore'
[0.306s] Level 1:colcon.colcon_core.package_identification:_identify(.) by extension 'ignore_ament_install'
[0.306s] Level 1:colcon.colcon_core.package_identification:_identify(.) by extensions ['colcon_pkg']
[0.306s] Level 1:colcon.colcon_core.package_identification:_identify(.) by extension 'colcon_pkg'
[0.306s] Level 1:colcon.colcon_core.package_identification:_identify(.) by extensions ['colcon_meta']
[0.306s] Level 1:colcon.colcon_core.package_identification:_identify(.) by extension 'colcon_meta'
[0.306s] Level 1:colcon.colcon_core.package_identification:_identify(.) by extensions ['ros']
[0.306s] Level 1:colcon.colcon_core.package_identification:_identify(.) by extension 'ros'
[0.315s] Level 1:colcon.colcon_core.package_identification:_identify(.) by extensions ['cmake', 'python']
[0.315s] Level 1:colcon.colcon_core.package_identification:_identify(.) by extension 'cmake'
[0.315s] Level 1:colcon.colcon_core.package_identification:_identify(.) by extension 'python'
[0.315s] Level 1:colcon.colcon_core.package_identification:_identify(.) by extensions ['python_setup_py']
[0.315s] Level 1:colcon.colcon_core.package_identification:_identify(.) by extension 'python_setup_py'
[0.315s] Level 1:colcon.colcon_core.package_identification:_identify(build) by extensions ['ignore', 'ignore_ament_install']
[0.315s] Level 1:colcon.colcon_core.package_identification:_identify(build) by extension 'ignore'
[0.315s] Level 1:colcon.colcon_core.package_identification:_identify(build) ignored
[0.315s] Level 1:colcon.colcon_core.package_identification:_identify(install) by extensions ['ignore', 'ignore_ament_install']
[0.315s] Level 1:colcon.colcon_core.package_identification:_identify(install) by extension 'ignore'
[0.315s] Level 1:colcon.colcon_core.package_identification:_identify(install) ignored
[0.315s] Level 1:colcon.colcon_core.package_identification:_identify(log) by extensions ['ignore', 'ignore_ament_install']
[0.315s] Level 1:colcon.colcon_core.package_identification:_identify(log) by extension 'ignore'
[0.315s] Level 1:colcon.colcon_core.package_identification:_identify(log) ignored
[0.315s] Level 1:colcon.colcon_core.package_identification:_identify(src) by extensions ['ignore', 'ignore_ament_install']
[0.315s] Level 1:colcon.colcon_core.package_identification:_identify(src) by extension 'ignore'
[0.315s] Level 1:colcon.colcon_core.package_identification:_identify(src) by extension 'ignore_ament_install'
[0.315s] Level 1:colcon.colcon_core.package_identification:_identify(src) by extensions ['colcon_pkg']
[0.315s] Level 1:colcon.colcon_core.package_identification:_identify(src) by extension 'colcon_pkg'
[0.315s] Level 1:colcon.colcon_core.package_identification:_identify(src) by extensions ['colcon_meta']
[0.315s] Level 1:colcon.colcon_core.package_identification:_identify(src) by extension 'colcon_meta'
[0.315s] Level 1:colcon.colcon_core.package_identification:_identify(src) by extensions ['ros']
[0.316s] Level 1:colcon.colcon_core.package_identification:_identify(src) by extension 'ros'
[0.316s] Level 1:colcon.colcon_core.package_identification:_identify(src) by extensions ['cmake', 'python']
[0.316s] Level 1:colcon.colcon_core.package_identification:_identify(src) by extension 'cmake'
[0.316s] Level 1:colcon.colcon_core.package_identification:_identify(src) by extension 'python'
[0.316s] Level 1:colcon.colcon_core.package_identification:_identify(src) by extensions ['python_setup_py']
[0.316s] Level 1:colcon.colcon_core.package_identification:_identify(src) by extension 'python_setup_py'
[0.316s] Level 1:colcon.colcon_core.package_identification:_identify(src/manipulator_interface) by extensions ['ignore', 'ignore_ament_install']
[0.316s] Level 1:colcon.colcon_core.package_identification:_identify(src/manipulator_interface) by extension 'ignore'
[0.316s] Level 1:colcon.colcon_core.package_identification:_identify(src/manipulator_interface) by extension 'ignore_ament_install'
[0.316s] Level 1:colcon.colcon_core.package_identification:_identify(src/manipulator_interface) by extensions ['colcon_pkg']
[0.316s] Level 1:colcon.colcon_core.package_identification:_identify(src/manipulator_interface) by extension 'colcon_pkg'
[0.316s] Level 1:colcon.colcon_core.package_identification:_identify(src/manipulator_interface) by extensions ['colcon_meta']
[0.316s] Level 1:colcon.colcon_core.package_identification:_identify(src/manipulator_interface) by extension 'colcon_meta'
[0.316s] Level 1:colcon.colcon_core.package_identification:_identify(src/manipulator_interface) by extensions ['ros']
[0.316s] Level 1:colcon.colcon_core.package_identification:_identify(src/manipulator_interface) by extension 'ros'
[0.318s] DEBUG:colcon.colcon_core.package_identification:Package 'src/manipulator_interface' with type 'ros.ament_cmake' and name 'manipulator_interface'
[0.318s] Level 1:colcon.colcon_core.package_identification:_identify(src/turtlebot3_manipulator) by extensions ['ignore', 'ignore_ament_install']
[0.318s] Level 1:colcon.colcon_core.package_identification:_identify(src/turtlebot3_manipulator) by extension 'ignore'
[0.318s] Level 1:colcon.colcon_core.package_identification:_identify(src/turtlebot3_manipulator) by extension 'ignore_ament_install'
[0.318s] Level 1:colcon.colcon_core.package_identification:_identify(src/turtlebot3_manipulator) by extensions ['colcon_pkg']
[0.318s] Level 1:colcon.colcon_core.package_identification:_identify(src/turtlebot3_manipulator) by extension 'colcon_pkg'
[0.318s] Level 1:colcon.colcon_core.package_identification:_identify(src/turtlebot3_manipulator) by extensions ['colcon_meta']
[0.318s] Level 1:colcon.colcon_core.package_identification:_identify(src/turtlebot3_manipulator) by extension 'colcon_meta'
[0.318s] Level 1:colcon.colcon_core.package_identification:_identify(src/turtlebot3_manipulator) by extensions ['ros']
[0.318s] Level 1:colcon.colcon_core.package_identification:_identify(src/turtlebot3_manipulator) by extension 'ros'
[0.319s] DEBUG:colcon.colcon_core.package_identification:Package 'src/turtlebot3_manipulator' with type 'ros.ament_python' and name 'turtlebot3_manipulator'
[0.319s] Level 1:colcon.colcon_core.package_discovery:discover_packages(recursive) using defaults
[0.319s] Level 1:colcon.colcon_core.package_discovery:discover_packages(ignore) discover
[0.319s] Level 1:colcon.colcon_core.package_discovery:discover_packages(ignore) using defaults
[0.319s] Level 1:colcon.colcon_core.package_discovery:discover_packages(path) discover
[0.319s] Level 1:colcon.colcon_core.package_discovery:discover_packages(path) using defaults
[0.335s] Level 1:colcon.colcon_core.package_discovery:discover_packages(prefix_path) check parameters
[0.335s] Level 1:colcon.colcon_core.package_discovery:discover_packages(prefix_path) discover
[0.338s] DEBUG:colcon.colcon_installed_package_information.package_discovery:Found 350 installed packages in /opt/ros/humble
[0.340s] Level 1:colcon.colcon_core.package_discovery:discover_packages(prefix_path) using defaults
[0.368s] Level 5:colcon.colcon_core.verb:set package 'manipulator_interface' build argument 'cmake_args' from command line to 'None'
[0.368s] Level 5:colcon.colcon_core.verb:set package 'manipulator_interface' build argument 'cmake_target' from command line to 'None'
[0.368s] Level 5:colcon.colcon_core.verb:set package 'manipulator_interface' build argument 'cmake_target_skip_unavailable' from command line to 'False'
[0.368s] Level 5:colcon.colcon_core.verb:set package 'manipulator_interface' build argument 'cmake_clean_cache' from command line to 'False'
[0.368s] Level 5:colcon.colcon_core.verb:set package 'manipulator_interface' build argument 'cmake_clean_first' from command line to 'False'
[0.368s] Level 5:colcon.colcon_core.verb:set package 'manipulator_interface' build argument 'cmake_force_configure' from command line to 'False'
[0.368s] Level 5:colcon.colcon_core.verb:set package 'manipulator_interface' build argument 'ament_cmake_args' from command line to 'None'
[0.368s] Level 5:colcon.colcon_core.verb:set package 'manipulator_interface' build argument 'catkin_cmake_args' from command line to 'None'
[0.368s] Level 5:colcon.colcon_core.verb:set package 'manipulator_interface' build argument 'catkin_skip_building_tests' from command line to 'False'
[0.368s] DEBUG:colcon.colcon_core.verb:Building package 'manipulator_interface' with the following arguments: {'ament_cmake_args': None, 'build_base': '/home/yoonkangrok/Turtlebot3_Manipulator/build/manipulator_interface', 'catkin_cmake_args': None, 'catkin_skip_building_tests': False, 'cmake_args': None, 'cmake_clean_cache': False, 'cmake_clean_first': False, 'cmake_force_configure': False, 'cmake_target': None, 'cmake_target_skip_unavailable': False, 'install_base': '/home/yoonkangrok/Turtlebot3_Manipulator/install/manipulator_interface', 'merge_install': False, 'path': '/home/yoonkangrok/Turtlebot3_Manipulator/src/manipulator_interface', 'symlink_install': True, 'test_result_base': None}
[0.368s] Level 5:colcon.colcon_core.verb:set package 'turtlebot3_manipulator' build argument 'cmake_args' from command line to 'None'
[0.368s] Level 5:colcon.colcon_core.verb:set package 'turtlebot3_manipulator' build argument 'cmake_target' from command line to 'None'
[0.368s] Level 5:colcon.colcon_core.verb:set package 'turtlebot3_manipulator' build argument 'cmake_target_skip_unavailable' from command line to 'False'
[0.368s] Level 5:colcon.colcon_core.verb:set package 'turtlebot3_manipulator' build argument 'cmake_clean_cache' from command line to 'False'
[0.368s] Level 5:colcon.colcon_core.verb:set package 'turtlebot3_manipulator' build argument 'cmake_clean_first' from command line to 'False'
[0.368s] Level 5:colcon.colcon_core.verb:set package 'turtlebot3_manipulator' build argument 'cmake_force_configure' from command line to 'False'
[0.368s] Level 5:colcon.colcon_core.verb:set package 'turtlebot3_manipulator' build argument 'ament_cmake_args' from command line to 'None'
[0.368s] Level 5:colcon.colcon_core.verb:set package 'turtlebot3_manipulator' build argument 'catkin_cmake_args' from command line to 'None'
[0.368s] Level 5:colcon.colcon_core.verb:set package 'turtlebot3_manipulator' build argument 'catkin_skip_building_tests' from command line to 'False'
[0.368s] DEBUG:colcon.colcon_core.verb:Building package 'turtlebot3_manipulator' with the following arguments: {'ament_cmake_args': None, 'build_base': '/home/yoonkangrok/Turtlebot3_Manipulator/build/turtlebot3_manipulator', 'catkin_cmake_args': None, 'catkin_skip_building_tests': False, 'cmake_args': None, 'cmake_clean_cache': False, 'cmake_clean_first': False, 'cmake_force_configure': False, 'cmake_target': None, 'cmake_target_skip_unavailable': False, 'install_base': '/home/yoonkangrok/Turtlebot3_Manipulator/install/turtlebot3_manipulator', 'merge_install': False, 'path': '/home/yoonkangrok/Turtlebot3_Manipulator/src/turtlebot3_manipulator', 'symlink_install': True, 'test_result_base': None}
[0.368s] INFO:colcon.colcon_core.executor:Executing jobs using 'parallel' executor
[0.369s] DEBUG:colcon.colcon_parallel_executor.executor.parallel:run_until_complete
[0.369s] INFO:colcon.colcon_ros.task.ament_cmake.build:Building ROS package in '/home/yoonkangrok/Turtlebot3_Manipulator/src/manipulator_interface' with build type 'ament_cmake'
[0.369s] INFO:colcon.colcon_cmake.task.cmake.build:Building CMake package in '/home/yoonkangrok/Turtlebot3_Manipulator/src/manipulator_interface'
[0.374s] INFO:colcon.colcon_core.plugin_system:Skipping extension 'colcon_core.shell.bat': Not used on non-Windows systems
[0.374s] INFO:colcon.colcon_core.shell:Skip shell extension 'powershell' for command environment: Not usable outside of PowerShell
[0.374s] DEBUG:colcon.colcon_core.shell:Skip shell extension 'dsv' for command environment
[0.378s] DEBUG:colcon.colcon_core.event_handler.log_command:Invoking command in '/home/yoonkangrok/Turtlebot3_Manipulator/build/manipulator_interface': CMAKE_PREFIX_PATH=/opt/ros/humble /usr/bin/cmake /home/yoonkangrok/Turtlebot3_Manipulator/src/manipulator_interface -DAMENT_CMAKE_SYMLINK_INSTALL=1 -DCMAKE_INSTALL_PREFIX=/home/yoonkangrok/Turtlebot3_Manipulator/install/manipulator_interface
[1.559s] DEBUG:colcon.colcon_core.event_handler.log_command:Invoked command in '/home/yoonkangrok/Turtlebot3_Manipulator/build/manipulator_interface' returned '0': CMAKE_PREFIX_PATH=/opt/ros/humble /usr/bin/cmake /home/yoonkangrok/Turtlebot3_Manipulator/src/manipulator_interface -DAMENT_CMAKE_SYMLINK_INSTALL=1 -DCMAKE_INSTALL_PREFIX=/home/yoonkangrok/Turtlebot3_Manipulator/install/manipulator_interface
[1.560s] DEBUG:colcon.colcon_core.event_handler.log_command:Invoking command in '/home/yoonkangrok/Turtlebot3_Manipulator/build/manipulator_interface': CMAKE_PREFIX_PATH=/opt/ros/humble /usr/bin/cmake --build /home/yoonkangrok/Turtlebot3_Manipulator/build/manipulator_interface -- -j8 -l8
[2.993s] DEBUG:colcon.colcon_core.event_handler.log_command:Invoked command in '/home/yoonkangrok/Turtlebot3_Manipulator/build/manipulator_interface' returned '0': CMAKE_PREFIX_PATH=/opt/ros/humble /usr/bin/cmake --build /home/yoonkangrok/Turtlebot3_Manipulator/build/manipulator_interface -- -j8 -l8
[3.040s] DEBUG:colcon.colcon_core.event_handler.log_command:Invoking command in '/home/yoonkangrok/Turtlebot3_Manipulator/build/manipulator_interface': CMAKE_PREFIX_PATH=/opt/ros/humble /usr/bin/cmake --install /home/yoonkangrok/Turtlebot3_Manipulator/build/manipulator_interface
[3.483s] Level 1:colcon.colcon_core.environment:create_environment_scripts_only(manipulator_interface)
[3.483s] DEBUG:colcon.colcon_core.event_handler.log_command:Invoked command in '/home/yoonkangrok/Turtlebot3_Manipulator/build/manipulator_interface' returned '0': CMAKE_PREFIX_PATH=/opt/ros/humble /usr/bin/cmake --install /home/yoonkangrok/Turtlebot3_Manipulator/build/manipulator_interface
[3.488s] Level 1:colcon.colcon_core.environment:checking '/home/yoonkangrok/Turtlebot3_Manipulator/install/manipulator_interface' for CMake module files
[3.488s] Level 1:colcon.colcon_core.environment:checking '/home/yoonkangrok/Turtlebot3_Manipulator/install/manipulator_interface' for CMake config files
[3.489s] Level 1:colcon.colcon_core.shell:create_environment_hook('manipulator_interface', 'cmake_prefix_path')
[3.489s] INFO:colcon.colcon_core.shell:Creating environment hook '/home/yoonkangrok/Turtlebot3_Manipulator/install/manipulator_interface/share/manipulator_interface/hook/cmake_prefix_path.ps1'
[3.489s] INFO:colcon.colcon_core.shell:Creating environment descriptor '/home/yoonkangrok/Turtlebot3_Manipulator/install/manipulator_interface/share/manipulator_interface/hook/cmake_prefix_path.dsv'
[3.489s] INFO:colcon.colcon_core.shell:Creating environment hook '/home/yoonkangrok/Turtlebot3_Manipulator/install/manipulator_interface/share/manipulator_interface/hook/cmake_prefix_path.sh'
[3.490s] Level 1:colcon.colcon_core.environment:checking '/home/yoonkangrok/Turtlebot3_Manipulator/install/manipulator_interface/lib'
[3.490s] Level 1:colcon.colcon_core.shell:create_environment_hook('manipulator_interface', 'ld_library_path_lib')
[3.490s] INFO:colcon.colcon_core.shell:Creating environment hook '/home/yoonkangrok/Turtlebot3_Manipulator/install/manipulator_interface/share/manipulator_interface/hook/ld_library_path_lib.ps1'
[3.490s] INFO:colcon.colcon_core.shell:Creating environment descriptor '/home/yoonkangrok/Turtlebot3_Manipulator/install/manipulator_interface/share/manipulator_interface/hook/ld_library_path_lib.dsv'
[3.491s] INFO:colcon.colcon_core.shell:Creating environment hook '/home/yoonkangrok/Turtlebot3_Manipulator/install/manipulator_interface/share/manipulator_interface/hook/ld_library_path_lib.sh'
[3.491s] Level 1:colcon.colcon_core.environment:checking '/home/yoonkangrok/Turtlebot3_Manipulator/install/manipulator_interface/bin'
[3.491s] Level 1:colcon.colcon_core.environment:checking '/home/yoonkangrok/Turtlebot3_Manipulator/install/manipulator_interface/lib/pkgconfig/manipulator_interface.pc'
[3.491s] Level 1:colcon.colcon_core.environment:checking '/home/yoonkangrok/Turtlebot3_Manipulator/install/manipulator_interface/lib/python3.10/site-packages'
[3.491s] Level 1:colcon.colcon_core.environment:checking '/home/yoonkangrok/Turtlebot3_Manipulator/install/manipulator_interface/bin'
[3.492s] INFO:colcon.colcon_core.shell:Creating package script '/home/yoonkangrok/Turtlebot3_Manipulator/install/manipulator_interface/share/manipulator_interface/package.ps1'
[3.492s] INFO:colcon.colcon_core.shell:Creating package descriptor '/home/yoonkangrok/Turtlebot3_Manipulator/install/manipulator_interface/share/manipulator_interface/package.dsv'
[3.493s] INFO:colcon.colcon_core.shell:Creating package script '/home/yoonkangrok/Turtlebot3_Manipulator/install/manipulator_interface/share/manipulator_interface/package.sh'
[3.494s] INFO:colcon.colcon_core.shell:Creating package script '/home/yoonkangrok/Turtlebot3_Manipulator/install/manipulator_interface/share/manipulator_interface/package.bash'
[3.494s] INFO:colcon.colcon_core.shell:Creating package script '/home/yoonkangrok/Turtlebot3_Manipulator/install/manipulator_interface/share/manipulator_interface/package.zsh'
[3.495s] Level 1:colcon.colcon_core.environment:create_file_with_runtime_dependencies(/home/yoonkangrok/Turtlebot3_Manipulator/install/manipulator_interface/share/colcon-core/packages/manipulator_interface)
[3.539s] Level 1:colcon.colcon_core.environment:create_environment_scripts_only(manipulator_interface)
[3.540s] Level 1:colcon.colcon_core.environment:checking '/home/yoonkangrok/Turtlebot3_Manipulator/install/manipulator_interface' for CMake module files
[3.540s] Level 1:colcon.colcon_core.environment:checking '/home/yoonkangrok/Turtlebot3_Manipulator/install/manipulator_interface' for CMake config files
[3.540s] Level 1:colcon.colcon_core.shell:create_environment_hook('manipulator_interface', 'cmake_prefix_path')
[3.541s] INFO:colcon.colcon_core.shell:Creating environment hook '/home/yoonkangrok/Turtlebot3_Manipulator/install/manipulator_interface/share/manipulator_interface/hook/cmake_prefix_path.ps1'
[3.541s] INFO:colcon.colcon_core.shell:Creating environment descriptor '/home/yoonkangrok/Turtlebot3_Manipulator/install/manipulator_interface/share/manipulator_interface/hook/cmake_prefix_path.dsv'
[3.541s] INFO:colcon.colcon_core.shell:Creating environment hook '/home/yoonkangrok/Turtlebot3_Manipulator/install/manipulator_interface/share/manipulator_interface/hook/cmake_prefix_path.sh'
[3.541s] Level 1:colcon.colcon_core.environment:checking '/home/yoonkangrok/Turtlebot3_Manipulator/install/manipulator_interface/lib'
[3.542s] Level 1:colcon.colcon_core.shell:create_environment_hook('manipulator_interface', 'ld_library_path_lib')
[3.542s] INFO:colcon.colcon_core.shell:Creating environment hook '/home/yoonkangrok/Turtlebot3_Manipulator/install/manipulator_interface/share/manipulator_interface/hook/ld_library_path_lib.ps1'
[3.542s] INFO:colcon.colcon_core.shell:Creating environment descriptor '/home/yoonkangrok/Turtlebot3_Manipulator/install/manipulator_interface/share/manipulator_interface/hook/ld_library_path_lib.dsv'
[3.542s] INFO:colcon.colcon_core.shell:Creating environment hook '/home/yoonkangrok/Turtlebot3_Manipulator/install/manipulator_interface/share/manipulator_interface/hook/ld_library_path_lib.sh'
[3.542s] Level 1:colcon.colcon_core.environment:checking '/home/yoonkangrok/Turtlebot3_Manipulator/install/manipulator_interface/bin'
[3.542s] Level 1:colcon.colcon_core.environment:checking '/home/yoonkangrok/Turtlebot3_Manipulator/install/manipulator_interface/lib/pkgconfig/manipulator_interface.pc'
[3.542s] Level 1:colcon.colcon_core.environment:checking '/home/yoonkangrok/Turtlebot3_Manipulator/install/manipulator_interface/lib/python3.10/site-packages'
[3.543s] Level 1:colcon.colcon_core.environment:checking '/home/yoonkangrok/Turtlebot3_Manipulator/install/manipulator_interface/bin'
[3.543s] INFO:colcon.colcon_core.shell:Creating package script '/home/yoonkangrok/Turtlebot3_Manipulator/install/manipulator_interface/share/manipulator_interface/package.ps1'
[3.543s] INFO:colcon.colcon_core.shell:Creating package descriptor '/home/yoonkangrok/Turtlebot3_Manipulator/install/manipulator_interface/share/manipulator_interface/package.dsv'
[3.543s] INFO:colcon.colcon_core.shell:Creating package script '/home/yoonkangrok/Turtlebot3_Manipulator/install/manipulator_interface/share/manipulator_interface/package.sh'
[3.544s] INFO:colcon.colcon_core.shell:Creating package script '/home/yoonkangrok/Turtlebot3_Manipulator/install/manipulator_interface/share/manipulator_interface/package.bash'
[3.544s] INFO:colcon.colcon_core.shell:Creating package script '/home/yoonkangrok/Turtlebot3_Manipulator/install/manipulator_interface/share/manipulator_interface/package.zsh'
[3.544s] Level 1:colcon.colcon_core.environment:create_file_with_runtime_dependencies(/home/yoonkangrok/Turtlebot3_Manipulator/install/manipulator_interface/share/colcon-core/packages/manipulator_interface)
[3.544s] INFO:colcon.colcon_ros.task.ament_python.build:Building ROS package in '/home/yoonkangrok/Turtlebot3_Manipulator/src/turtlebot3_manipulator' with build type 'ament_python'
[3.544s] Level 1:colcon.colcon_core.shell:create_environment_hook('turtlebot3_manipulator', 'ament_prefix_path')
[3.545s] INFO:colcon.colcon_core.shell:Creating environment hook '/home/yoonkangrok/Turtlebot3_Manipulator/install/turtlebot3_manipulator/share/turtlebot3_manipulator/hook/ament_prefix_path.ps1'
[3.545s] INFO:colcon.colcon_core.shell:Creating environment descriptor '/home/yoonkangrok/Turtlebot3_Manipulator/install/turtlebot3_manipulator/share/turtlebot3_manipulator/hook/ament_prefix_path.dsv'
[3.545s] INFO:colcon.colcon_core.shell:Creating environment hook '/home/yoonkangrok/Turtlebot3_Manipulator/install/turtlebot3_manipulator/share/turtlebot3_manipulator/hook/ament_prefix_path.sh'
[3.546s] INFO:colcon.colcon_core.shell:Skip shell extension 'powershell' for command environment: Not usable outside of PowerShell
[3.546s] DEBUG:colcon.colcon_core.shell:Skip shell extension 'dsv' for command environment
[3.753s] INFO:colcon.colcon_core.task.python.build:Building Python package in '/home/yoonkangrok/Turtlebot3_Manipulator/src/turtlebot3_manipulator'
[3.753s] INFO:colcon.colcon_core.shell:Skip shell extension 'powershell' for command environment: Not usable outside of PowerShell
[3.753s] DEBUG:colcon.colcon_core.shell:Skip shell extension 'dsv' for command environment
[4.047s] DEBUG:colcon.colcon_core.event_handler.log_command:Invoking command in '/home/yoonkangrok/Turtlebot3_Manipulator/build/turtlebot3_manipulator': AMENT_PREFIX_PATH=/home/yoonkangrok/Turtlebot3_Manipulator/install/manipulator_interface:${AMENT_PREFIX_PATH} CMAKE_PREFIX_PATH=/home/yoonkangrok/Turtlebot3_Manipulator/install/manipulator_interface LD_LIBRARY_PATH=/home/yoonkangrok/Turtlebot3_Manipulator/install/manipulator_interface/lib:${LD_LIBRARY_PATH} PYTHONPATH=/home/yoonkangrok/Turtlebot3_Manipulator/build/turtlebot3_manipulator/prefix_override:/usr/lib/python3/dist-packages/colcon_core/task/python/colcon_distutils_commands:/home/yoonkangrok/Turtlebot3_Manipulator/install/turtlebot3_manipulator/lib/python3.10/site-packages:/home/yoonkangrok/Turtlebot3_Manipulator/install/manipulator_interface/local/lib/python3.10/dist-packages:${PYTHONPATH} /usr/bin/python3 -W ignore:setup.py install is deprecated setup.py develop --editable --build-directory /home/yoonkangrok/Turtlebot3_Manipulator/build/turtlebot3_manipulator/build --no-deps symlink_data
[4.411s] Level 1:colcon.colcon_core.shell:create_environment_hook('turtlebot3_manipulator', 'pythonpath_develop')
[4.412s] DEBUG:colcon.colcon_core.event_handler.log_command:Invoked command in '/home/yoonkangrok/Turtlebot3_Manipulator/build/turtlebot3_manipulator' returned '0': AMENT_PREFIX_PATH=/home/yoonkangrok/Turtlebot3_Manipulator/install/manipulator_interface:${AMENT_PREFIX_PATH} CMAKE_PREFIX_PATH=/home/yoonkangrok/Turtlebot3_Manipulator/install/manipulator_interface LD_LIBRARY_PATH=/home/yoonkangrok/Turtlebot3_Manipulator/install/manipulator_interface/lib:${LD_LIBRARY_PATH} PYTHONPATH=/home/yoonkangrok/Turtlebot3_Manipulator/build/turtlebot3_manipulator/prefix_override:/usr/lib/python3/dist-packages/colcon_core/task/python/colcon_distutils_commands:/home/yoonkangrok/Turtlebot3_Manipulator/install/turtlebot3_manipulator/lib/python3.10/site-packages:/home/yoonkangrok/Turtlebot3_Manipulator/install/manipulator_interface/local/lib/python3.10/dist-packages:${PYTHONPATH} /usr/bin/python3 -W ignore:setup.py install is deprecated setup.py develop --editable --build-directory /home/yoonkangrok/Turtlebot3_Manipulator/build/turtlebot3_manipulator/build --no-deps symlink_data
[4.412s] INFO:colcon.colcon_core.shell:Creating environment hook '/home/yoonkangrok/Turtlebot3_Manipulator/build/turtlebot3_manipulator/share/turtlebot3_manipulator/hook/pythonpath_develop.ps1'
[4.412s] INFO:colcon.colcon_core.shell:Creating environment descriptor '/home/yoonkangrok/Turtlebot3_Manipulator/build/turtlebot3_manipulator/share/turtlebot3_manipulator/hook/pythonpath_develop.dsv'
[4.413s] INFO:colcon.colcon_core.shell:Creating environment hook '/home/yoonkangrok/Turtlebot3_Manipulator/build/turtlebot3_manipulator/share/turtlebot3_manipulator/hook/pythonpath_develop.sh'
[4.413s] Level 1:colcon.colcon_core.environment:checking '/home/yoonkangrok/Turtlebot3_Manipulator/install/turtlebot3_manipulator' for CMake module files
[4.413s] Level 1:colcon.colcon_core.environment:checking '/home/yoonkangrok/Turtlebot3_Manipulator/install/turtlebot3_manipulator' for CMake config files
[4.413s] Level 1:colcon.colcon_core.environment:checking '/home/yoonkangrok/Turtlebot3_Manipulator/install/turtlebot3_manipulator/lib'
[4.413s] Level 1:colcon.colcon_core.environment:checking '/home/yoonkangrok/Turtlebot3_Manipulator/install/turtlebot3_manipulator/bin'
[4.414s] Level 1:colcon.colcon_core.environment:checking '/home/yoonkangrok/Turtlebot3_Manipulator/install/turtlebot3_manipulator/lib/pkgconfig/turtlebot3_manipulator.pc'
[4.414s] Level 1:colcon.colcon_core.environment:checking '/home/yoonkangrok/Turtlebot3_Manipulator/install/turtlebot3_manipulator/lib/python3.10/site-packages'
[4.414s] Level 1:colcon.colcon_core.shell:create_environment_hook('turtlebot3_manipulator', 'pythonpath')
[4.414s] INFO:colcon.colcon_core.shell:Creating environment hook '/home/yoonkangrok/Turtlebot3_Manipulator/install/turtlebot3_manipulator/share/turtlebot3_manipulator/hook/pythonpath.ps1'
[4.414s] INFO:colcon.colcon_core.shell:Creating environment descriptor '/home/yoonkangrok/Turtlebot3_Manipulator/install/turtlebot3_manipulator/share/turtlebot3_manipulator/hook/pythonpath.dsv'
[4.414s] INFO:colcon.colcon_core.shell:Creating environment hook '/home/yoonkangrok/Turtlebot3_Manipulator/install/turtlebot3_manipulator/share/turtlebot3_manipulator/hook/pythonpath.sh'
[4.415s] Level 1:colcon.colcon_core.environment:checking '/home/yoonkangrok/Turtlebot3_Manipulator/install/turtlebot3_manipulator/bin'
[4.415s] Level 1:colcon.colcon_core.environment:create_environment_scripts_only(turtlebot3_manipulator)
[4.415s] INFO:colcon.colcon_core.shell:Creating package script '/home/yoonkangrok/Turtlebot3_Manipulator/install/turtlebot3_manipulator/share/turtlebot3_manipulator/package.ps1'
[4.415s] INFO:colcon.colcon_core.shell:Creating package descriptor '/home/yoonkangrok/Turtlebot3_Manipulator/install/turtlebot3_manipulator/share/turtlebot3_manipulator/package.dsv'
[4.415s] INFO:colcon.colcon_core.shell:Creating package script '/home/yoonkangrok/Turtlebot3_Manipulator/install/turtlebot3_manipulator/share/turtlebot3_manipulator/package.sh'
[4.416s] INFO:colcon.colcon_core.shell:Creating package script '/home/yoonkangrok/Turtlebot3_Manipulator/install/turtlebot3_manipulator/share/turtlebot3_manipulator/package.bash'
[4.416s] INFO:colcon.colcon_core.shell:Creating package script '/home/yoonkangrok/Turtlebot3_Manipulator/install/turtlebot3_manipulator/share/turtlebot3_manipulator/package.zsh'
[4.416s] Level 1:colcon.colcon_core.environment:create_file_with_runtime_dependencies(/home/yoonkangrok/Turtlebot3_Manipulator/install/turtlebot3_manipulator/share/colcon-core/packages/turtlebot3_manipulator)
[4.416s] DEBUG:colcon.colcon_parallel_executor.executor.parallel:closing loop
[4.416s] DEBUG:colcon.colcon_parallel_executor.executor.parallel:loop closed
[4.416s] DEBUG:colcon.colcon_parallel_executor.executor.parallel:run_until_complete finished with '0'
[4.416s] DEBUG:colcon.colcon_core.event_reactor:joining thread
[4.421s] INFO:colcon.colcon_core.plugin_system:Skipping extension 'colcon_notification.desktop_notification.terminal_notifier': Not used on non-Darwin systems
[4.421s] INFO:colcon.colcon_core.plugin_system:Skipping extension 'colcon_notification.desktop_notification.win32': Not used on non-Windows systems
[4.421s] INFO:colcon.colcon_notification.desktop_notification:Sending desktop notification using 'notify2'
[4.430s] DEBUG:colcon.colcon_core.event_reactor:joined thread
[4.430s] INFO:colcon.colcon_core.shell:Creating prefix script '/home/yoonkangrok/Turtlebot3_Manipulator/install/local_setup.ps1'
[4.431s] INFO:colcon.colcon_core.shell:Creating prefix util module '/home/yoonkangrok/Turtlebot3_Manipulator/install/_local_setup_util_ps1.py'
[4.432s] INFO:colcon.colcon_core.shell:Creating prefix chain script '/home/yoonkangrok/Turtlebot3_Manipulator/install/setup.ps1'
[4.433s] INFO:colcon.colcon_core.shell:Creating prefix script '/home/yoonkangrok/Turtlebot3_Manipulator/install/local_setup.sh'
[4.434s] INFO:colcon.colcon_core.shell:Creating prefix util module '/home/yoonkangrok/Turtlebot3_Manipulator/install/_local_setup_util_sh.py'
[4.435s] INFO:colcon.colcon_core.shell:Creating prefix chain script '/home/yoonkangrok/Turtlebot3_Manipulator/install/setup.sh'
[4.436s] INFO:colcon.colcon_core.shell:Creating prefix script '/home/yoonkangrok/Turtlebot3_Manipulator/install/local_setup.bash'
[4.436s] INFO:colcon.colcon_core.shell:Creating prefix chain script '/home/yoonkangrok/Turtlebot3_Manipulator/install/setup.bash'
[4.437s] INFO:colcon.colcon_core.shell:Creating prefix script '/home/yoonkangrok/Turtlebot3_Manipulator/install/local_setup.zsh'
[4.437s] INFO:colcon.colcon_core.shell:Creating prefix chain script '/home/yoonkangrok/Turtlebot3_Manipulator/install/setup.zsh'
