[0.156s] DEBUG:colcon:Command line arguments: ['/usr/bin/colcon', 'build', '--symlink-install']
[0.156s] DEBUG:colcon:Parsed command line arguments: Namespace(log_base=None, log_level=None, verb_name='build', build_base='build', install_base='install', merge_install=False, symlink_install=True, test_result_base=None, continue_on_error=False, executor='parallel', parallel_workers=8, event_handlers=None, ignore_user_meta=False, metas=['./colcon.meta'], base_paths=['.'], packages_ignore=None, packages_ignore_regex=None, paths=None, packages_up_to=None, packages_up_to_regex=None, packages_above=None, packages_above_and_dependencies=None, packages_above_depth=None, packages_select_by_dep=None, packages_skip_by_dep=None, packages_skip_up_to=None, packages_select_build_failed=False, packages_skip_build_finished=False, packages_select_test_failures=False, packages_skip_test_passed=False, packages_select=None, packages_skip=None, packages_select_regex=None, packages_skip_regex=None, packages_start=None, packages_end=None, allow_overriding=[], cmake_args=None, cmake_target=None, cmake_target_skip_unavailable=False, cmake_clean_cache=False, cmake_clean_first=False, cmake_force_configure=False, ament_cmake_args=None, catkin_cmake_args=None, catkin_skip_building_tests=False, verb_parser=<colcon_defaults.argument_parser.defaults.DefaultArgumentsDecorator object at 0x7049aa898d30>, verb_extension=<colcon_core.verb.build.BuildVerb object at 0x7049aa8988b0>, main=<bound method BuildVerb.main of <colcon_core.verb.build.BuildVerb object at 0x7049aa8988b0>>)
[0.372s] Level 1:colcon.colcon_core.package_discovery:discover_packages(colcon_meta) check parameters
[0.372s] Level 1:colcon.colcon_core.package_discovery:discover_packages(recursive) check parameters
[0.372s] Level 1:colcon.colcon_core.package_discovery:discover_packages(ignore) check parameters
[0.372s] Level 1:colcon.colcon_core.package_discovery:discover_packages(path) check parameters
[0.372s] Level 1:colcon.colcon_core.package_discovery:discover_packages(colcon_meta) discover
[0.373s] Level 1:colcon.colcon_core.package_discovery:discover_packages(recursive) discover
[0.373s] INFO:colcon.colcon_core.package_discovery:Crawling recursively for packages in '/home/yoonkangrok/Turtlebot3_Manipulator'
[0.373s] Level 1:colcon.colcon_core.package_identification:_identify(.) by extensions ['ignore', 'ignore_ament_install']
[0.373s] Level 1:colcon.colcon_core.package_identification:_identify(.) by extension 'ignore'
[0.373s] Level 1:colcon.colcon_core.package_identification:_identify(.) by extension 'ignore_ament_install'
[0.373s] Level 1:colcon.colcon_core.package_identification:_identify(.) by extensions ['colcon_pkg']
[0.373s] Level 1:colcon.colcon_core.package_identification:_identify(.) by extension 'colcon_pkg'
[0.373s] Level 1:colcon.colcon_core.package_identification:_identify(.) by extensions ['colcon_meta']
[0.373s] Level 1:colcon.colcon_core.package_identification:_identify(.) by extension 'colcon_meta'
[0.373s] Level 1:colcon.colcon_core.package_identification:_identify(.) by extensions ['ros']
[0.373s] Level 1:colcon.colcon_core.package_identification:_identify(.) by extension 'ros'
[0.382s] Level 1:colcon.colcon_core.package_identification:_identify(.) by extensions ['cmake', 'python']
[0.382s] Level 1:colcon.colcon_core.package_identification:_identify(.) by extension 'cmake'
[0.382s] Level 1:colcon.colcon_core.package_identification:_identify(.) by extension 'python'
[0.382s] Level 1:colcon.colcon_core.package_identification:_identify(.) by extensions ['python_setup_py']
[0.382s] Level 1:colcon.colcon_core.package_identification:_identify(.) by extension 'python_setup_py'
[0.382s] Level 1:colcon.colcon_core.package_identification:_identify(build) by extensions ['ignore', 'ignore_ament_install']
[0.382s] Level 1:colcon.colcon_core.package_identification:_identify(build) by extension 'ignore'
[0.382s] Level 1:colcon.colcon_core.package_identification:_identify(build) ignored
[0.383s] Level 1:colcon.colcon_core.package_identification:_identify(install) by extensions ['ignore', 'ignore_ament_install']
[0.383s] Level 1:colcon.colcon_core.package_identification:_identify(install) by extension 'ignore'
[0.383s] Level 1:colcon.colcon_core.package_identification:_identify(install) ignored
[0.383s] Level 1:colcon.colcon_core.package_identification:_identify(log) by extensions ['ignore', 'ignore_ament_install']
[0.383s] Level 1:colcon.colcon_core.package_identification:_identify(log) by extension 'ignore'
[0.383s] Level 1:colcon.colcon_core.package_identification:_identify(log) ignored
[0.383s] Level 1:colcon.colcon_core.package_identification:_identify(src) by extensions ['ignore', 'ignore_ament_install']
[0.383s] Level 1:colcon.colcon_core.package_identification:_identify(src) by extension 'ignore'
[0.383s] Level 1:colcon.colcon_core.package_identification:_identify(src) by extension 'ignore_ament_install'
[0.383s] Level 1:colcon.colcon_core.package_identification:_identify(src) by extensions ['colcon_pkg']
[0.383s] Level 1:colcon.colcon_core.package_identification:_identify(src) by extension 'colcon_pkg'
[0.383s] Level 1:colcon.colcon_core.package_identification:_identify(src) by extensions ['colcon_meta']
[0.383s] Level 1:colcon.colcon_core.package_identification:_identify(src) by extension 'colcon_meta'
[0.383s] Level 1:colcon.colcon_core.package_identification:_identify(src) by extensions ['ros']
[0.383s] Level 1:colcon.colcon_core.package_identification:_identify(src) by extension 'ros'
[0.383s] Level 1:colcon.colcon_core.package_identification:_identify(src) by extensions ['cmake', 'python']
[0.383s] Level 1:colcon.colcon_core.package_identification:_identify(src) by extension 'cmake'
[0.383s] Level 1:colcon.colcon_core.package_identification:_identify(src) by extension 'python'
[0.383s] Level 1:colcon.colcon_core.package_identification:_identify(src) by extensions ['python_setup_py']
[0.383s] Level 1:colcon.colcon_core.package_identification:_identify(src) by extension 'python_setup_py'
[0.383s] Level 1:colcon.colcon_core.package_identification:_identify(src/manipulator_interface) by extensions ['ignore', 'ignore_ament_install']
[0.383s] Level 1:colcon.colcon_core.package_identification:_identify(src/manipulator_interface) by extension 'ignore'
[0.383s] Level 1:colcon.colcon_core.package_identification:_identify(src/manipulator_interface) by extension 'ignore_ament_install'
[0.383s] Level 1:colcon.colcon_core.package_identification:_identify(src/manipulator_interface) by extensions ['colcon_pkg']
[0.384s] Level 1:colcon.colcon_core.package_identification:_identify(src/manipulator_interface) by extension 'colcon_pkg'
[0.384s] Level 1:colcon.colcon_core.package_identification:_identify(src/manipulator_interface) by extensions ['colcon_meta']
[0.384s] Level 1:colcon.colcon_core.package_identification:_identify(src/manipulator_interface) by extension 'colcon_meta'
[0.384s] Level 1:colcon.colcon_core.package_identification:_identify(src/manipulator_interface) by extensions ['ros']
[0.384s] Level 1:colcon.colcon_core.package_identification:_identify(src/manipulator_interface) by extension 'ros'
[0.386s] DEBUG:colcon.colcon_core.package_identification:Package 'src/manipulator_interface' with type 'ros.ament_cmake' and name 'manipulator_interface'
[0.386s] Level 1:colcon.colcon_core.package_identification:_identify(src/turtlebot3_manipulator) by extensions ['ignore', 'ignore_ament_install']
[0.386s] Level 1:colcon.colcon_core.package_identification:_identify(src/turtlebot3_manipulator) by extension 'ignore'
[0.386s] Level 1:colcon.colcon_core.package_identification:_identify(src/turtlebot3_manipulator) by extension 'ignore_ament_install'
[0.386s] Level 1:colcon.colcon_core.package_identification:_identify(src/turtlebot3_manipulator) by extensions ['colcon_pkg']
[0.386s] Level 1:colcon.colcon_core.package_identification:_identify(src/turtlebot3_manipulator) by extension 'colcon_pkg'
[0.386s] Level 1:colcon.colcon_core.package_identification:_identify(src/turtlebot3_manipulator) by extensions ['colcon_meta']
[0.386s] Level 1:colcon.colcon_core.package_identification:_identify(src/turtlebot3_manipulator) by extension 'colcon_meta'
[0.387s] Level 1:colcon.colcon_core.package_identification:_identify(src/turtlebot3_manipulator) by extensions ['ros']
[0.387s] Level 1:colcon.colcon_core.package_identification:_identify(src/turtlebot3_manipulator) by extension 'ros'
[0.387s] DEBUG:colcon.colcon_core.package_identification:Package 'src/turtlebot3_manipulator' with type 'ros.ament_python' and name 'turtlebot3_manipulator'
[0.387s] Level 1:colcon.colcon_core.package_identification:_identify(src/usb_cam) by extensions ['ignore', 'ignore_ament_install']
[0.387s] Level 1:colcon.colcon_core.package_identification:_identify(src/usb_cam) by extension 'ignore'
[0.387s] Level 1:colcon.colcon_core.package_identification:_identify(src/usb_cam) by extension 'ignore_ament_install'
[0.387s] Level 1:colcon.colcon_core.package_identification:_identify(src/usb_cam) by extensions ['colcon_pkg']
[0.387s] Level 1:colcon.colcon_core.package_identification:_identify(src/usb_cam) by extension 'colcon_pkg'
[0.388s] Level 1:colcon.colcon_core.package_identification:_identify(src/usb_cam) by extensions ['colcon_meta']
[0.388s] Level 1:colcon.colcon_core.package_identification:_identify(src/usb_cam) by extension 'colcon_meta'
[0.388s] Level 1:colcon.colcon_core.package_identification:_identify(src/usb_cam) by extensions ['ros']
[0.388s] Level 1:colcon.colcon_core.package_identification:_identify(src/usb_cam) by extension 'ros'
[0.392s] DEBUG:colcon.colcon_core.package_identification:Package 'src/usb_cam' with type 'ros.ament_cmake' and name 'usb_cam'
[0.392s] Level 1:colcon.colcon_core.package_discovery:discover_packages(recursive) using defaults
[0.392s] Level 1:colcon.colcon_core.package_discovery:discover_packages(ignore) discover
[0.392s] Level 1:colcon.colcon_core.package_discovery:discover_packages(ignore) using defaults
[0.392s] Level 1:colcon.colcon_core.package_discovery:discover_packages(path) discover
[0.392s] Level 1:colcon.colcon_core.package_discovery:discover_packages(path) using defaults
[0.414s] Level 1:colcon.colcon_core.package_discovery:discover_packages(prefix_path) check parameters
[0.414s] Level 1:colcon.colcon_core.package_discovery:discover_packages(prefix_path) discover
[0.417s] DEBUG:colcon.colcon_installed_package_information.package_discovery:Found 3 installed packages in /home/yoonkangrok/Turtlebot3_Manipulator/install
[0.418s] DEBUG:colcon.colcon_installed_package_information.package_discovery:Found 350 installed packages in /opt/ros/humble
[0.419s] Level 1:colcon.colcon_core.package_discovery:discover_packages(prefix_path) using defaults
[0.448s] Level 5:colcon.colcon_core.verb:set package 'manipulator_interface' build argument 'cmake_args' from command line to 'None'
[0.448s] Level 5:colcon.colcon_core.verb:set package 'manipulator_interface' build argument 'cmake_target' from command line to 'None'
[0.448s] Level 5:colcon.colcon_core.verb:set package 'manipulator_interface' build argument 'cmake_target_skip_unavailable' from command line to 'False'
[0.448s] Level 5:colcon.colcon_core.verb:set package 'manipulator_interface' build argument 'cmake_clean_cache' from command line to 'False'
[0.448s] Level 5:colcon.colcon_core.verb:set package 'manipulator_interface' build argument 'cmake_clean_first' from command line to 'False'
[0.448s] Level 5:colcon.colcon_core.verb:set package 'manipulator_interface' build argument 'cmake_force_configure' from command line to 'False'
[0.448s] Level 5:colcon.colcon_core.verb:set package 'manipulator_interface' build argument 'ament_cmake_args' from command line to 'None'
[0.448s] Level 5:colcon.colcon_core.verb:set package 'manipulator_interface' build argument 'catkin_cmake_args' from command line to 'None'
[0.448s] Level 5:colcon.colcon_core.verb:set package 'manipulator_interface' build argument 'catkin_skip_building_tests' from command line to 'False'
[0.448s] DEBUG:colcon.colcon_core.verb:Building package 'manipulator_interface' with the following arguments: {'ament_cmake_args': None, 'build_base': '/home/yoonkangrok/Turtlebot3_Manipulator/build/manipulator_interface', 'catkin_cmake_args': None, 'catkin_skip_building_tests': False, 'cmake_args': None, 'cmake_clean_cache': False, 'cmake_clean_first': False, 'cmake_force_configure': False, 'cmake_target': None, 'cmake_target_skip_unavailable': False, 'install_base': '/home/yoonkangrok/Turtlebot3_Manipulator/install/manipulator_interface', 'merge_install': False, 'path': '/home/yoonkangrok/Turtlebot3_Manipulator/src/manipulator_interface', 'symlink_install': True, 'test_result_base': None}
[0.449s] Level 5:colcon.colcon_core.verb:set package 'usb_cam' build argument 'cmake_args' from command line to 'None'
[0.449s] Level 5:colcon.colcon_core.verb:set package 'usb_cam' build argument 'cmake_target' from command line to 'None'
[0.449s] Level 5:colcon.colcon_core.verb:set package 'usb_cam' build argument 'cmake_target_skip_unavailable' from command line to 'False'
[0.449s] Level 5:colcon.colcon_core.verb:set package 'usb_cam' build argument 'cmake_clean_cache' from command line to 'False'
[0.449s] Level 5:colcon.colcon_core.verb:set package 'usb_cam' build argument 'cmake_clean_first' from command line to 'False'
[0.449s] Level 5:colcon.colcon_core.verb:set package 'usb_cam' build argument 'cmake_force_configure' from command line to 'False'
[0.449s] Level 5:colcon.colcon_core.verb:set package 'usb_cam' build argument 'ament_cmake_args' from command line to 'None'
[0.449s] Level 5:colcon.colcon_core.verb:set package 'usb_cam' build argument 'catkin_cmake_args' from command line to 'None'
[0.449s] Level 5:colcon.colcon_core.verb:set package 'usb_cam' build argument 'catkin_skip_building_tests' from command line to 'False'
[0.449s] DEBUG:colcon.colcon_core.verb:Building package 'usb_cam' with the following arguments: {'ament_cmake_args': None, 'build_base': '/home/yoonkangrok/Turtlebot3_Manipulator/build/usb_cam', 'catkin_cmake_args': None, 'catkin_skip_building_tests': False, 'cmake_args': None, 'cmake_clean_cache': False, 'cmake_clean_first': False, 'cmake_force_configure': False, 'cmake_target': None, 'cmake_target_skip_unavailable': False, 'install_base': '/home/yoonkangrok/Turtlebot3_Manipulator/install/usb_cam', 'merge_install': False, 'path': '/home/yoonkangrok/Turtlebot3_Manipulator/src/usb_cam', 'symlink_install': True, 'test_result_base': None}
[0.449s] Level 5:colcon.colcon_core.verb:set package 'turtlebot3_manipulator' build argument 'cmake_args' from command line to 'None'
[0.449s] Level 5:colcon.colcon_core.verb:set package 'turtlebot3_manipulator' build argument 'cmake_target' from command line to 'None'
[0.449s] Level 5:colcon.colcon_core.verb:set package 'turtlebot3_manipulator' build argument 'cmake_target_skip_unavailable' from command line to 'False'
[0.449s] Level 5:colcon.colcon_core.verb:set package 'turtlebot3_manipulator' build argument 'cmake_clean_cache' from command line to 'False'
[0.449s] Level 5:colcon.colcon_core.verb:set package 'turtlebot3_manipulator' build argument 'cmake_clean_first' from command line to 'False'
[0.449s] Level 5:colcon.colcon_core.verb:set package 'turtlebot3_manipulator' build argument 'cmake_force_configure' from command line to 'False'
[0.449s] Level 5:colcon.colcon_core.verb:set package 'turtlebot3_manipulator' build argument 'ament_cmake_args' from command line to 'None'
[0.449s] Level 5:colcon.colcon_core.verb:set package 'turtlebot3_manipulator' build argument 'catkin_cmake_args' from command line to 'None'
[0.449s] Level 5:colcon.colcon_core.verb:set package 'turtlebot3_manipulator' build argument 'catkin_skip_building_tests' from command line to 'False'
[0.449s] DEBUG:colcon.colcon_core.verb:Building package 'turtlebot3_manipulator' with the following arguments: {'ament_cmake_args': None, 'build_base': '/home/yoonkangrok/Turtlebot3_Manipulator/build/turtlebot3_manipulator', 'catkin_cmake_args': None, 'catkin_skip_building_tests': False, 'cmake_args': None, 'cmake_clean_cache': False, 'cmake_clean_first': False, 'cmake_force_configure': False, 'cmake_target': None, 'cmake_target_skip_unavailable': False, 'install_base': '/home/yoonkangrok/Turtlebot3_Manipulator/install/turtlebot3_manipulator', 'merge_install': False, 'path': '/home/yoonkangrok/Turtlebot3_Manipulator/src/turtlebot3_manipulator', 'symlink_install': True, 'test_result_base': None}
[0.449s] INFO:colcon.colcon_core.executor:Executing jobs using 'parallel' executor
[0.450s] DEBUG:colcon.colcon_parallel_executor.executor.parallel:run_until_complete
[0.450s] INFO:colcon.colcon_ros.task.ament_cmake.build:Building ROS package in '/home/yoonkangrok/Turtlebot3_Manipulator/src/manipulator_interface' with build type 'ament_cmake'
[0.451s] INFO:colcon.colcon_cmake.task.cmake.build:Building CMake package in '/home/yoonkangrok/Turtlebot3_Manipulator/src/manipulator_interface'
[0.455s] INFO:colcon.colcon_core.plugin_system:Skipping extension 'colcon_core.shell.bat': Not used on non-Windows systems
[0.455s] INFO:colcon.colcon_core.shell:Skip shell extension 'powershell' for command environment: Not usable outside of PowerShell
[0.455s] DEBUG:colcon.colcon_core.shell:Skip shell extension 'dsv' for command environment
[0.458s] INFO:colcon.colcon_ros.task.ament_cmake.build:Building ROS package in '/home/yoonkangrok/Turtlebot3_Manipulator/src/usb_cam' with build type 'ament_cmake'
[0.458s] INFO:colcon.colcon_cmake.task.cmake.build:Building CMake package in '/home/yoonkangrok/Turtlebot3_Manipulator/src/usb_cam'
[0.458s] INFO:colcon.colcon_core.shell:Skip shell extension 'powershell' for command environment: Not usable outside of PowerShell
[0.458s] DEBUG:colcon.colcon_core.shell:Skip shell extension 'dsv' for command environment
[0.464s] DEBUG:colcon.colcon_core.event_handler.log_command:Invoking command in '/home/yoonkangrok/Turtlebot3_Manipulator/build/manipulator_interface': CMAKE_PREFIX_PATH=${CMAKE_PREFIX_PATH}:/home/yoonkangrok/Turtlebot3_Manipulator/install/turtlebot3_manipulator:/opt/ros/humble /usr/bin/cmake --build /home/yoonkangrok/Turtlebot3_Manipulator/build/manipulator_interface -- -j8 -l8
[0.469s] DEBUG:colcon.colcon_core.event_handler.log_command:Invoking command in '/home/yoonkangrok/Turtlebot3_Manipulator/build/usb_cam': CMAKE_PREFIX_PATH=${CMAKE_PREFIX_PATH}:/home/yoonkangrok/Turtlebot3_Manipulator/install/turtlebot3_manipulator:/opt/ros/humble /usr/bin/cmake --build /home/yoonkangrok/Turtlebot3_Manipulator/build/usb_cam -- -j8 -l8
[0.838s] DEBUG:colcon.colcon_core.event_handler.log_command:Invoked command in '/home/yoonkangrok/Turtlebot3_Manipulator/build/manipulator_interface' returned '0': CMAKE_PREFIX_PATH=${CMAKE_PREFIX_PATH}:/home/yoonkangrok/Turtlebot3_Manipulator/install/turtlebot3_manipulator:/opt/ros/humble /usr/bin/cmake --build /home/yoonkangrok/Turtlebot3_Manipulator/build/manipulator_interface -- -j8 -l8
[0.895s] DEBUG:colcon.colcon_core.event_handler.log_command:Invoking command in '/home/yoonkangrok/Turtlebot3_Manipulator/build/manipulator_interface': CMAKE_PREFIX_PATH=${CMAKE_PREFIX_PATH}:/home/yoonkangrok/Turtlebot3_Manipulator/install/turtlebot3_manipulator:/opt/ros/humble /usr/bin/cmake --install /home/yoonkangrok/Turtlebot3_Manipulator/build/manipulator_interface
[0.964s] Level 1:colcon.colcon_core.environment:create_environment_scripts_only(manipulator_interface)
[0.965s] DEBUG:colcon.colcon_core.event_handler.log_command:Invoked command in '/home/yoonkangrok/Turtlebot3_Manipulator/build/manipulator_interface' returned '0': CMAKE_PREFIX_PATH=${CMAKE_PREFIX_PATH}:/home/yoonkangrok/Turtlebot3_Manipulator/install/turtlebot3_manipulator:/opt/ros/humble /usr/bin/cmake --install /home/yoonkangrok/Turtlebot3_Manipulator/build/manipulator_interface
[0.969s] Level 1:colcon.colcon_core.environment:checking '/home/yoonkangrok/Turtlebot3_Manipulator/install/manipulator_interface' for CMake module files
[0.970s] Level 1:colcon.colcon_core.environment:checking '/home/yoonkangrok/Turtlebot3_Manipulator/install/manipulator_interface' for CMake config files
[0.970s] Level 1:colcon.colcon_core.shell:create_environment_hook('manipulator_interface', 'cmake_prefix_path')
[0.971s] INFO:colcon.colcon_core.shell:Creating environment hook '/home/yoonkangrok/Turtlebot3_Manipulator/install/manipulator_interface/share/manipulator_interface/hook/cmake_prefix_path.ps1'
[0.971s] INFO:colcon.colcon_core.shell:Creating environment descriptor '/home/yoonkangrok/Turtlebot3_Manipulator/install/manipulator_interface/share/manipulator_interface/hook/cmake_prefix_path.dsv'
[0.972s] INFO:colcon.colcon_core.shell:Creating environment hook '/home/yoonkangrok/Turtlebot3_Manipulator/install/manipulator_interface/share/manipulator_interface/hook/cmake_prefix_path.sh'
[0.972s] Level 1:colcon.colcon_core.environment:checking '/home/yoonkangrok/Turtlebot3_Manipulator/install/manipulator_interface/lib'
[0.973s] Level 1:colcon.colcon_core.shell:create_environment_hook('manipulator_interface', 'ld_library_path_lib')
[0.973s] INFO:colcon.colcon_core.shell:Creating environment hook '/home/yoonkangrok/Turtlebot3_Manipulator/install/manipulator_interface/share/manipulator_interface/hook/ld_library_path_lib.ps1'
[0.973s] INFO:colcon.colcon_core.shell:Creating environment descriptor '/home/yoonkangrok/Turtlebot3_Manipulator/install/manipulator_interface/share/manipulator_interface/hook/ld_library_path_lib.dsv'
[0.973s] INFO:colcon.colcon_core.shell:Creating environment hook '/home/yoonkangrok/Turtlebot3_Manipulator/install/manipulator_interface/share/manipulator_interface/hook/ld_library_path_lib.sh'
[0.973s] Level 1:colcon.colcon_core.environment:checking '/home/yoonkangrok/Turtlebot3_Manipulator/install/manipulator_interface/bin'
[0.973s] Level 1:colcon.colcon_core.environment:checking '/home/yoonkangrok/Turtlebot3_Manipulator/install/manipulator_interface/lib/pkgconfig/manipulator_interface.pc'
[0.974s] Level 1:colcon.colcon_core.environment:checking '/home/yoonkangrok/Turtlebot3_Manipulator/install/manipulator_interface/lib/python3.10/site-packages'
[0.974s] Level 1:colcon.colcon_core.environment:checking '/home/yoonkangrok/Turtlebot3_Manipulator/install/manipulator_interface/bin'
[0.974s] INFO:colcon.colcon_core.shell:Creating package script '/home/yoonkangrok/Turtlebot3_Manipulator/install/manipulator_interface/share/manipulator_interface/package.ps1'
[0.975s] INFO:colcon.colcon_core.shell:Creating package descriptor '/home/yoonkangrok/Turtlebot3_Manipulator/install/manipulator_interface/share/manipulator_interface/package.dsv'
[0.975s] INFO:colcon.colcon_core.shell:Creating package script '/home/yoonkangrok/Turtlebot3_Manipulator/install/manipulator_interface/share/manipulator_interface/package.sh'
[0.976s] INFO:colcon.colcon_core.shell:Creating package script '/home/yoonkangrok/Turtlebot3_Manipulator/install/manipulator_interface/share/manipulator_interface/package.bash'
[0.977s] INFO:colcon.colcon_core.shell:Creating package script '/home/yoonkangrok/Turtlebot3_Manipulator/install/manipulator_interface/share/manipulator_interface/package.zsh'
[0.978s] Level 1:colcon.colcon_core.environment:create_file_with_runtime_dependencies(/home/yoonkangrok/Turtlebot3_Manipulator/install/manipulator_interface/share/colcon-core/packages/manipulator_interface)
[1.020s] Level 1:colcon.colcon_core.environment:create_environment_scripts_only(manipulator_interface)
[1.021s] Level 1:colcon.colcon_core.environment:checking '/home/yoonkangrok/Turtlebot3_Manipulator/install/manipulator_interface' for CMake module files
[1.021s] Level 1:colcon.colcon_core.environment:checking '/home/yoonkangrok/Turtlebot3_Manipulator/install/manipulator_interface' for CMake config files
[1.022s] Level 1:colcon.colcon_core.shell:create_environment_hook('manipulator_interface', 'cmake_prefix_path')
[1.022s] INFO:colcon.colcon_core.shell:Creating environment hook '/home/yoonkangrok/Turtlebot3_Manipulator/install/manipulator_interface/share/manipulator_interface/hook/cmake_prefix_path.ps1'
[1.022s] INFO:colcon.colcon_core.shell:Creating environment descriptor '/home/yoonkangrok/Turtlebot3_Manipulator/install/manipulator_interface/share/manipulator_interface/hook/cmake_prefix_path.dsv'
[1.022s] INFO:colcon.colcon_core.shell:Creating environment hook '/home/yoonkangrok/Turtlebot3_Manipulator/install/manipulator_interface/share/manipulator_interface/hook/cmake_prefix_path.sh'
[1.023s] Level 1:colcon.colcon_core.environment:checking '/home/yoonkangrok/Turtlebot3_Manipulator/install/manipulator_interface/lib'
[1.023s] Level 1:colcon.colcon_core.shell:create_environment_hook('manipulator_interface', 'ld_library_path_lib')
[1.023s] INFO:colcon.colcon_core.shell:Creating environment hook '/home/yoonkangrok/Turtlebot3_Manipulator/install/manipulator_interface/share/manipulator_interface/hook/ld_library_path_lib.ps1'
[1.023s] INFO:colcon.colcon_core.shell:Creating environment descriptor '/home/yoonkangrok/Turtlebot3_Manipulator/install/manipulator_interface/share/manipulator_interface/hook/ld_library_path_lib.dsv'
[1.023s] INFO:colcon.colcon_core.shell:Creating environment hook '/home/yoonkangrok/Turtlebot3_Manipulator/install/manipulator_interface/share/manipulator_interface/hook/ld_library_path_lib.sh'
[1.023s] Level 1:colcon.colcon_core.environment:checking '/home/yoonkangrok/Turtlebot3_Manipulator/install/manipulator_interface/bin'
[1.023s] Level 1:colcon.colcon_core.environment:checking '/home/yoonkangrok/Turtlebot3_Manipulator/install/manipulator_interface/lib/pkgconfig/manipulator_interface.pc'
[1.024s] Level 1:colcon.colcon_core.environment:checking '/home/yoonkangrok/Turtlebot3_Manipulator/install/manipulator_interface/lib/python3.10/site-packages'
[1.024s] Level 1:colcon.colcon_core.environment:checking '/home/yoonkangrok/Turtlebot3_Manipulator/install/manipulator_interface/bin'
[1.024s] INFO:colcon.colcon_core.shell:Creating package script '/home/yoonkangrok/Turtlebot3_Manipulator/install/manipulator_interface/share/manipulator_interface/package.ps1'
[1.024s] INFO:colcon.colcon_core.shell:Creating package descriptor '/home/yoonkangrok/Turtlebot3_Manipulator/install/manipulator_interface/share/manipulator_interface/package.dsv'
[1.025s] INFO:colcon.colcon_core.shell:Creating package script '/home/yoonkangrok/Turtlebot3_Manipulator/install/manipulator_interface/share/manipulator_interface/package.sh'
[1.025s] INFO:colcon.colcon_core.shell:Creating package script '/home/yoonkangrok/Turtlebot3_Manipulator/install/manipulator_interface/share/manipulator_interface/package.bash'
[1.025s] INFO:colcon.colcon_core.shell:Creating package script '/home/yoonkangrok/Turtlebot3_Manipulator/install/manipulator_interface/share/manipulator_interface/package.zsh'
[1.025s] Level 1:colcon.colcon_core.environment:create_file_with_runtime_dependencies(/home/yoonkangrok/Turtlebot3_Manipulator/install/manipulator_interface/share/colcon-core/packages/manipulator_interface)
[1.026s] INFO:colcon.colcon_ros.task.ament_python.build:Building ROS package in '/home/yoonkangrok/Turtlebot3_Manipulator/src/turtlebot3_manipulator' with build type 'ament_python'
[1.026s] Level 1:colcon.colcon_core.shell:create_environment_hook('turtlebot3_manipulator', 'ament_prefix_path')
[1.026s] INFO:colcon.colcon_core.shell:Creating environment hook '/home/yoonkangrok/Turtlebot3_Manipulator/install/turtlebot3_manipulator/share/turtlebot3_manipulator/hook/ament_prefix_path.ps1'
[1.026s] INFO:colcon.colcon_core.shell:Creating environment descriptor '/home/yoonkangrok/Turtlebot3_Manipulator/install/turtlebot3_manipulator/share/turtlebot3_manipulator/hook/ament_prefix_path.dsv'
[1.027s] INFO:colcon.colcon_core.shell:Creating environment hook '/home/yoonkangrok/Turtlebot3_Manipulator/install/turtlebot3_manipulator/share/turtlebot3_manipulator/hook/ament_prefix_path.sh'
[1.027s] INFO:colcon.colcon_core.shell:Skip shell extension 'powershell' for command environment: Not usable outside of PowerShell
[1.027s] DEBUG:colcon.colcon_core.shell:Skip shell extension 'dsv' for command environment
[1.280s] INFO:colcon.colcon_core.task.python.build:Building Python package in '/home/yoonkangrok/Turtlebot3_Manipulator/src/turtlebot3_manipulator'
[1.280s] INFO:colcon.colcon_core.shell:Skip shell extension 'powershell' for command environment: Not usable outside of PowerShell
[1.280s] DEBUG:colcon.colcon_core.shell:Skip shell extension 'dsv' for command environment
[1.732s] DEBUG:colcon.colcon_core.event_handler.log_command:Invoking command in '/home/yoonkangrok/Turtlebot3_Manipulator/build/turtlebot3_manipulator': CMAKE_PREFIX_PATH=/home/yoonkangrok/Turtlebot3_Manipulator/install/manipulator_interface:/home/yoonkangrok/Turtlebot3_Manipulator/install/usb_cam LD_LIBRARY_PATH=/home/yoonkangrok/Turtlebot3_Manipulator/install/manipulator_interface/lib:/home/yoonkangrok/Turtlebot3_Manipulator/install/usb_cam/lib:/usr/lib/x86_64-linux-gnu/gazebo-11/plugins:/opt/ros/humble/opt/rviz_ogre_vendor/lib:/opt/ros/humble/lib/x86_64-linux-gnu:/opt/ros/humble/lib PYTHONPATH=/home/yoonkangrok/Turtlebot3_Manipulator/build/turtlebot3_manipulator/prefix_override:/usr/lib/python3/dist-packages/colcon_core/task/python/colcon_distutils_commands:/home/yoonkangrok/Turtlebot3_Manipulator/install/turtlebot3_manipulator/lib/python3.10/site-packages:${PYTHONPATH} /usr/bin/python3 -W ignore:setup.py install is deprecated setup.py develop --editable --build-directory /home/yoonkangrok/Turtlebot3_Manipulator/build/turtlebot3_manipulator/build --no-deps symlink_data
[2.259s] Level 1:colcon.colcon_core.shell:create_environment_hook('turtlebot3_manipulator', 'pythonpath_develop')
[2.260s] INFO:colcon.colcon_core.shell:Creating environment hook '/home/yoonkangrok/Turtlebot3_Manipulator/build/turtlebot3_manipulator/share/turtlebot3_manipulator/hook/pythonpath_develop.ps1'
[2.260s] DEBUG:colcon.colcon_core.event_handler.log_command:Invoked command in '/home/yoonkangrok/Turtlebot3_Manipulator/build/turtlebot3_manipulator' returned '0': CMAKE_PREFIX_PATH=/home/yoonkangrok/Turtlebot3_Manipulator/install/manipulator_interface:/home/yoonkangrok/Turtlebot3_Manipulator/install/usb_cam LD_LIBRARY_PATH=/home/yoonkangrok/Turtlebot3_Manipulator/install/manipulator_interface/lib:/home/yoonkangrok/Turtlebot3_Manipulator/install/usb_cam/lib:/usr/lib/x86_64-linux-gnu/gazebo-11/plugins:/opt/ros/humble/opt/rviz_ogre_vendor/lib:/opt/ros/humble/lib/x86_64-linux-gnu:/opt/ros/humble/lib PYTHONPATH=/home/yoonkangrok/Turtlebot3_Manipulator/build/turtlebot3_manipulator/prefix_override:/usr/lib/python3/dist-packages/colcon_core/task/python/colcon_distutils_commands:/home/yoonkangrok/Turtlebot3_Manipulator/install/turtlebot3_manipulator/lib/python3.10/site-packages:${PYTHONPATH} /usr/bin/python3 -W ignore:setup.py install is deprecated setup.py develop --editable --build-directory /home/yoonkangrok/Turtlebot3_Manipulator/build/turtlebot3_manipulator/build --no-deps symlink_data
[2.262s] INFO:colcon.colcon_core.shell:Creating environment descriptor '/home/yoonkangrok/Turtlebot3_Manipulator/build/turtlebot3_manipulator/share/turtlebot3_manipulator/hook/pythonpath_develop.dsv'
[2.263s] INFO:colcon.colcon_core.shell:Creating environment hook '/home/yoonkangrok/Turtlebot3_Manipulator/build/turtlebot3_manipulator/share/turtlebot3_manipulator/hook/pythonpath_develop.sh'
[2.263s] Level 1:colcon.colcon_core.environment:checking '/home/yoonkangrok/Turtlebot3_Manipulator/install/turtlebot3_manipulator' for CMake module files
[2.264s] Level 1:colcon.colcon_core.environment:checking '/home/yoonkangrok/Turtlebot3_Manipulator/install/turtlebot3_manipulator' for CMake config files
[2.264s] Level 1:colcon.colcon_core.environment:checking '/home/yoonkangrok/Turtlebot3_Manipulator/install/turtlebot3_manipulator/lib'
[2.264s] Level 1:colcon.colcon_core.environment:checking '/home/yoonkangrok/Turtlebot3_Manipulator/install/turtlebot3_manipulator/bin'
[2.264s] Level 1:colcon.colcon_core.environment:checking '/home/yoonkangrok/Turtlebot3_Manipulator/install/turtlebot3_manipulator/lib/pkgconfig/turtlebot3_manipulator.pc'
[2.265s] Level 1:colcon.colcon_core.environment:checking '/home/yoonkangrok/Turtlebot3_Manipulator/install/turtlebot3_manipulator/lib/python3.10/site-packages'
[2.265s] Level 1:colcon.colcon_core.shell:create_environment_hook('turtlebot3_manipulator', 'pythonpath')
[2.265s] INFO:colcon.colcon_core.shell:Creating environment hook '/home/yoonkangrok/Turtlebot3_Manipulator/install/turtlebot3_manipulator/share/turtlebot3_manipulator/hook/pythonpath.ps1'
[2.265s] INFO:colcon.colcon_core.shell:Creating environment descriptor '/home/yoonkangrok/Turtlebot3_Manipulator/install/turtlebot3_manipulator/share/turtlebot3_manipulator/hook/pythonpath.dsv'
[2.266s] INFO:colcon.colcon_core.shell:Creating environment hook '/home/yoonkangrok/Turtlebot3_Manipulator/install/turtlebot3_manipulator/share/turtlebot3_manipulator/hook/pythonpath.sh'
[2.266s] Level 1:colcon.colcon_core.environment:checking '/home/yoonkangrok/Turtlebot3_Manipulator/install/turtlebot3_manipulator/bin'
[2.266s] Level 1:colcon.colcon_core.environment:create_environment_scripts_only(turtlebot3_manipulator)
[2.267s] INFO:colcon.colcon_core.shell:Creating package script '/home/yoonkangrok/Turtlebot3_Manipulator/install/turtlebot3_manipulator/share/turtlebot3_manipulator/package.ps1'
[2.267s] INFO:colcon.colcon_core.shell:Creating package descriptor '/home/yoonkangrok/Turtlebot3_Manipulator/install/turtlebot3_manipulator/share/turtlebot3_manipulator/package.dsv'
[2.268s] INFO:colcon.colcon_core.shell:Creating package script '/home/yoonkangrok/Turtlebot3_Manipulator/install/turtlebot3_manipulator/share/turtlebot3_manipulator/package.sh'
[2.268s] INFO:colcon.colcon_core.shell:Creating package script '/home/yoonkangrok/Turtlebot3_Manipulator/install/turtlebot3_manipulator/share/turtlebot3_manipulator/package.bash'
[2.268s] INFO:colcon.colcon_core.shell:Creating package script '/home/yoonkangrok/Turtlebot3_Manipulator/install/turtlebot3_manipulator/share/turtlebot3_manipulator/package.zsh'
[2.268s] Level 1:colcon.colcon_core.environment:create_file_with_runtime_dependencies(/home/yoonkangrok/Turtlebot3_Manipulator/install/turtlebot3_manipulator/share/colcon-core/packages/turtlebot3_manipulator)
[7.281s] DEBUG:colcon.colcon_core.event_handler.log_command:Invoked command in '/home/yoonkangrok/Turtlebot3_Manipulator/build/usb_cam' returned '0': CMAKE_PREFIX_PATH=${CMAKE_PREFIX_PATH}:/home/yoonkangrok/Turtlebot3_Manipulator/install/turtlebot3_manipulator:/opt/ros/humble /usr/bin/cmake --build /home/yoonkangrok/Turtlebot3_Manipulator/build/usb_cam -- -j8 -l8
[7.318s] DEBUG:colcon.colcon_core.event_handler.log_command:Invoking command in '/home/yoonkangrok/Turtlebot3_Manipulator/build/usb_cam': CMAKE_PREFIX_PATH=${CMAKE_PREFIX_PATH}:/home/yoonkangrok/Turtlebot3_Manipulator/install/turtlebot3_manipulator:/opt/ros/humble /usr/bin/cmake --install /home/yoonkangrok/Turtlebot3_Manipulator/build/usb_cam
[7.354s] Level 1:colcon.colcon_core.environment:create_environment_scripts_only(usb_cam)
[7.355s] Level 1:colcon.colcon_core.environment:checking '/home/yoonkangrok/Turtlebot3_Manipulator/install/usb_cam' for CMake module files
[7.355s] DEBUG:colcon.colcon_core.event_handler.log_command:Invoked command in '/home/yoonkangrok/Turtlebot3_Manipulator/build/usb_cam' returned '0': CMAKE_PREFIX_PATH=${CMAKE_PREFIX_PATH}:/home/yoonkangrok/Turtlebot3_Manipulator/install/turtlebot3_manipulator:/opt/ros/humble /usr/bin/cmake --install /home/yoonkangrok/Turtlebot3_Manipulator/build/usb_cam
[7.355s] Level 1:colcon.colcon_core.environment:checking '/home/yoonkangrok/Turtlebot3_Manipulator/install/usb_cam' for CMake config files
[7.356s] Level 1:colcon.colcon_core.shell:create_environment_hook('usb_cam', 'cmake_prefix_path')
[7.356s] INFO:colcon.colcon_core.shell:Creating environment hook '/home/yoonkangrok/Turtlebot3_Manipulator/install/usb_cam/share/usb_cam/hook/cmake_prefix_path.ps1'
[7.357s] INFO:colcon.colcon_core.shell:Creating environment descriptor '/home/yoonkangrok/Turtlebot3_Manipulator/install/usb_cam/share/usb_cam/hook/cmake_prefix_path.dsv'
[7.358s] INFO:colcon.colcon_core.shell:Creating environment hook '/home/yoonkangrok/Turtlebot3_Manipulator/install/usb_cam/share/usb_cam/hook/cmake_prefix_path.sh'
[7.359s] Level 1:colcon.colcon_core.environment:checking '/home/yoonkangrok/Turtlebot3_Manipulator/install/usb_cam/lib'
[7.359s] Level 1:colcon.colcon_core.shell:create_environment_hook('usb_cam', 'ld_library_path_lib')
[7.359s] INFO:colcon.colcon_core.shell:Creating environment hook '/home/yoonkangrok/Turtlebot3_Manipulator/install/usb_cam/share/usb_cam/hook/ld_library_path_lib.ps1'
[7.359s] INFO:colcon.colcon_core.shell:Creating environment descriptor '/home/yoonkangrok/Turtlebot3_Manipulator/install/usb_cam/share/usb_cam/hook/ld_library_path_lib.dsv'
[7.359s] INFO:colcon.colcon_core.shell:Creating environment hook '/home/yoonkangrok/Turtlebot3_Manipulator/install/usb_cam/share/usb_cam/hook/ld_library_path_lib.sh'
[7.360s] Level 1:colcon.colcon_core.environment:checking '/home/yoonkangrok/Turtlebot3_Manipulator/install/usb_cam/bin'
[7.360s] Level 1:colcon.colcon_core.environment:checking '/home/yoonkangrok/Turtlebot3_Manipulator/install/usb_cam/lib/pkgconfig/usb_cam.pc'
[7.360s] Level 1:colcon.colcon_core.environment:checking '/home/yoonkangrok/Turtlebot3_Manipulator/install/usb_cam/lib/python3.10/site-packages'
[7.360s] Level 1:colcon.colcon_core.environment:checking '/home/yoonkangrok/Turtlebot3_Manipulator/install/usb_cam/bin'
[7.360s] INFO:colcon.colcon_core.shell:Creating package script '/home/yoonkangrok/Turtlebot3_Manipulator/install/usb_cam/share/usb_cam/package.ps1'
[7.361s] INFO:colcon.colcon_core.shell:Creating package descriptor '/home/yoonkangrok/Turtlebot3_Manipulator/install/usb_cam/share/usb_cam/package.dsv'
[7.361s] INFO:colcon.colcon_core.shell:Creating package script '/home/yoonkangrok/Turtlebot3_Manipulator/install/usb_cam/share/usb_cam/package.sh'
[7.362s] INFO:colcon.colcon_core.shell:Creating package script '/home/yoonkangrok/Turtlebot3_Manipulator/install/usb_cam/share/usb_cam/package.bash'
[7.363s] INFO:colcon.colcon_core.shell:Creating package script '/home/yoonkangrok/Turtlebot3_Manipulator/install/usb_cam/share/usb_cam/package.zsh'
[7.363s] Level 1:colcon.colcon_core.environment:create_file_with_runtime_dependencies(/home/yoonkangrok/Turtlebot3_Manipulator/install/usb_cam/share/colcon-core/packages/usb_cam)
[7.401s] Level 1:colcon.colcon_core.environment:create_environment_scripts_only(usb_cam)
[7.401s] Level 1:colcon.colcon_core.environment:checking '/home/yoonkangrok/Turtlebot3_Manipulator/install/usb_cam' for CMake module files
[7.402s] Level 1:colcon.colcon_core.environment:checking '/home/yoonkangrok/Turtlebot3_Manipulator/install/usb_cam' for CMake config files
[7.402s] Level 1:colcon.colcon_core.shell:create_environment_hook('usb_cam', 'cmake_prefix_path')
[7.402s] INFO:colcon.colcon_core.shell:Creating environment hook '/home/yoonkangrok/Turtlebot3_Manipulator/install/usb_cam/share/usb_cam/hook/cmake_prefix_path.ps1'
[7.402s] INFO:colcon.colcon_core.shell:Creating environment descriptor '/home/yoonkangrok/Turtlebot3_Manipulator/install/usb_cam/share/usb_cam/hook/cmake_prefix_path.dsv'
[7.403s] INFO:colcon.colcon_core.shell:Creating environment hook '/home/yoonkangrok/Turtlebot3_Manipulator/install/usb_cam/share/usb_cam/hook/cmake_prefix_path.sh'
[7.403s] Level 1:colcon.colcon_core.environment:checking '/home/yoonkangrok/Turtlebot3_Manipulator/install/usb_cam/lib'
[7.403s] Level 1:colcon.colcon_core.shell:create_environment_hook('usb_cam', 'ld_library_path_lib')
[7.403s] INFO:colcon.colcon_core.shell:Creating environment hook '/home/yoonkangrok/Turtlebot3_Manipulator/install/usb_cam/share/usb_cam/hook/ld_library_path_lib.ps1'
[7.403s] INFO:colcon.colcon_core.shell:Creating environment descriptor '/home/yoonkangrok/Turtlebot3_Manipulator/install/usb_cam/share/usb_cam/hook/ld_library_path_lib.dsv'
[7.404s] INFO:colcon.colcon_core.shell:Creating environment hook '/home/yoonkangrok/Turtlebot3_Manipulator/install/usb_cam/share/usb_cam/hook/ld_library_path_lib.sh'
[7.404s] Level 1:colcon.colcon_core.environment:checking '/home/yoonkangrok/Turtlebot3_Manipulator/install/usb_cam/bin'
[7.404s] Level 1:colcon.colcon_core.environment:checking '/home/yoonkangrok/Turtlebot3_Manipulator/install/usb_cam/lib/pkgconfig/usb_cam.pc'
[7.404s] Level 1:colcon.colcon_core.environment:checking '/home/yoonkangrok/Turtlebot3_Manipulator/install/usb_cam/lib/python3.10/site-packages'
[7.404s] Level 1:colcon.colcon_core.environment:checking '/home/yoonkangrok/Turtlebot3_Manipulator/install/usb_cam/bin'
[7.404s] INFO:colcon.colcon_core.shell:Creating package script '/home/yoonkangrok/Turtlebot3_Manipulator/install/usb_cam/share/usb_cam/package.ps1'
[7.405s] INFO:colcon.colcon_core.shell:Creating package descriptor '/home/yoonkangrok/Turtlebot3_Manipulator/install/usb_cam/share/usb_cam/package.dsv'
[7.405s] INFO:colcon.colcon_core.shell:Creating package script '/home/yoonkangrok/Turtlebot3_Manipulator/install/usb_cam/share/usb_cam/package.sh'
[7.405s] INFO:colcon.colcon_core.shell:Creating package script '/home/yoonkangrok/Turtlebot3_Manipulator/install/usb_cam/share/usb_cam/package.bash'
[7.405s] INFO:colcon.colcon_core.shell:Creating package script '/home/yoonkangrok/Turtlebot3_Manipulator/install/usb_cam/share/usb_cam/package.zsh'
[7.406s] Level 1:colcon.colcon_core.environment:create_file_with_runtime_dependencies(/home/yoonkangrok/Turtlebot3_Manipulator/install/usb_cam/share/colcon-core/packages/usb_cam)
[7.406s] DEBUG:colcon.colcon_parallel_executor.executor.parallel:closing loop
[7.406s] DEBUG:colcon.colcon_parallel_executor.executor.parallel:loop closed
[7.406s] DEBUG:colcon.colcon_parallel_executor.executor.parallel:run_until_complete finished with '0'
[7.406s] DEBUG:colcon.colcon_core.event_reactor:joining thread
[7.418s] INFO:colcon.colcon_core.plugin_system:Skipping extension 'colcon_notification.desktop_notification.terminal_notifier': Not used on non-Darwin systems
[7.418s] INFO:colcon.colcon_core.plugin_system:Skipping extension 'colcon_notification.desktop_notification.win32': Not used on non-Windows systems
[7.418s] INFO:colcon.colcon_notification.desktop_notification:Sending desktop notification using 'notify2'
[7.439s] DEBUG:colcon.colcon_core.event_reactor:joined thread
[7.440s] INFO:colcon.colcon_core.shell:Creating prefix script '/home/yoonkangrok/Turtlebot3_Manipulator/install/local_setup.ps1'
[7.441s] INFO:colcon.colcon_core.shell:Creating prefix util module '/home/yoonkangrok/Turtlebot3_Manipulator/install/_local_setup_util_ps1.py'
[7.442s] INFO:colcon.colcon_core.shell:Creating prefix chain script '/home/yoonkangrok/Turtlebot3_Manipulator/install/setup.ps1'
[7.443s] INFO:colcon.colcon_core.shell:Creating prefix script '/home/yoonkangrok/Turtlebot3_Manipulator/install/local_setup.sh'
[7.444s] INFO:colcon.colcon_core.shell:Creating prefix util module '/home/yoonkangrok/Turtlebot3_Manipulator/install/_local_setup_util_sh.py'
[7.445s] INFO:colcon.colcon_core.shell:Creating prefix chain script '/home/yoonkangrok/Turtlebot3_Manipulator/install/setup.sh'
[7.446s] INFO:colcon.colcon_core.shell:Creating prefix script '/home/yoonkangrok/Turtlebot3_Manipulator/install/local_setup.bash'
[7.447s] INFO:colcon.colcon_core.shell:Creating prefix chain script '/home/yoonkangrok/Turtlebot3_Manipulator/install/setup.bash'
[7.448s] INFO:colcon.colcon_core.shell:Creating prefix script '/home/yoonkangrok/Turtlebot3_Manipulator/install/local_setup.zsh'
[7.449s] INFO:colcon.colcon_core.shell:Creating prefix chain script '/home/yoonkangrok/Turtlebot3_Manipulator/install/setup.zsh'
