[0.010s] Invoking command in '/home/yoonkangrok/Turtlebot3_Manipulator/build/usb_cam': CMAKE_PREFIX_PATH=${CMAKE_PREFIX_PATH}:/home/yoonkangrok/Turtlebot3_Manipulator/install/turtlebot3_manipulator:/opt/ros/humble /usr/bin/cmake /home/yoonkangrok/Turtlebot3_Manipulator/src/usb_cam -DAMENT_CMAKE_SYMLINK_INSTALL=1 -DCMAKE_INSTALL_PREFIX=/home/yoonkangrok/Turtlebot3_Manipulator/install/usb_cam
[0.118s] -- The C compiler identification is GNU 11.4.0
[0.213s] -- The CXX compiler identification is GNU 11.4.0
[0.222s] -- Detecting C compiler ABI info
[0.285s] -- Detecting C compiler ABI info - done
[0.295s] -- Check for working C compiler: /usr/bin/cc - skipped
[0.295s] -- Detecting C compile features
[0.296s] -- Detecting C compile features - done
[0.300s] -- Detecting CXX compiler ABI info
[0.380s] -- Detecting CXX compiler ABI info - done
[0.390s] -- Check for working CXX compiler: /usr/bin/c++ - skipped
[0.390s] -- Detecting CXX compile features
[0.390s] -- Detecting CXX compile features - done
[0.394s] -- Found ament_cmake_auto: 1.3.10 (/opt/ros/humble/share/ament_cmake_auto/cmake)
[0.550s] -- Found Python3: /usr/bin/python3 (found version "3.10.12") found components: Interpreter 
[0.623s] -- Override CMake install command with custom implementation using symlinks instead of copying resources
[0.840s] -- Found rosidl_generator_c: 3.1.5 (/opt/ros/humble/share/rosidl_generator_c/cmake)
[0.846s] -- Found rosidl_adapter: 3.1.5 (/opt/ros/humble/share/rosidl_adapter/cmake)
[0.856s] -- Found rosidl_generator_cpp: 3.1.5 (/opt/ros/humble/share/rosidl_generator_cpp/cmake)
[0.869s] -- Using all available rosidl_typesupport_c: rosidl_typesupport_fastrtps_c;rosidl_typesupport_introspection_c
[0.885s] -- Using all available rosidl_typesupport_cpp: rosidl_typesupport_fastrtps_cpp;rosidl_typesupport_introspection_cpp
[0.939s] -- Found rmw_implementation_cmake: 6.1.2 (/opt/ros/humble/share/rmw_implementation_cmake/cmake)
[0.942s] -- Found rmw_fastrtps_cpp: 6.2.7 (/opt/ros/humble/share/rmw_fastrtps_cpp/cmake)
[1.067s] -- Found OpenSSL: /usr/lib/x86_64-linux-gnu/libcrypto.so (found version "3.0.2")  
[1.095s] -- Found FastRTPS: /opt/ros/humble/include  
[1.133s] -- Using RMW implementation 'rmw_fastrtps_cpp' as default
[1.158s] -- Looking for pthread.h
[1.234s] -- Looking for pthread.h - found
[1.234s] -- Performing Test CMAKE_HAVE_LIBC_PTHREAD
[1.315s] -- Performing Test CMAKE_HAVE_LIBC_PTHREAD - Success
[1.316s] -- Found Threads: TRUE  
[1.575s] -- Found OpenCV: /usr (found version "4.5.4") 
[1.578s] -- Found PkgConfig: /usr/bin/pkg-config (found version "0.29.2") 
[1.579s] -- Checking for module 'libavcodec'
[1.589s] --   Found libavcodec, version 58.134.100
[1.617s] -- Checking for module 'libavutil'
[1.632s] --   Found libavutil, version 56.70.100
[1.663s] -- Checking for module 'libswscale'
[1.677s] --   Found libswscale, version 5.9.100
[1.717s] -- Found ament_lint_auto: 0.12.11 (/opt/ros/humble/share/ament_lint_auto/cmake)
[1.747s] -- Found gtest sources under '/opt/ros/humble/src/gtest_vendor': C++ tests using 'Google Test' will be built
[1.764s] -- Added test 'copyright' to check source files copyright and LICENSE
[1.769s] -- Added test 'cppcheck' to perform static code analysis on C / C++ code
[1.769s] -- Configured cppcheck include dirs: /home/yoonkangrok/Turtlebot3_Manipulator/src/usb_cam/include
[1.769s] -- Configured cppcheck exclude dirs and/or files: 
[1.775s] -- Added test 'cpplint' to check C / C++ code against the Google style
[1.775s] -- Configured cpplint exclude dirs and/or files: 
[1.776s] -- Added test 'flake8' to check Python code syntax and style conventions
[1.778s] -- Added test 'lint_cmake' to check CMake code style
[1.779s] -- Added test 'pep257' to check Python code against some of the docstring style conventions in PEP 257
[1.784s] -- Added test 'uncrustify' to check C / C++ code style
[1.784s] -- Configured uncrustify additional arguments: 
[1.786s] -- Added test 'xmllint' to check XML markup files
[1.790s] -- Configuring done
[1.831s] -- Generating done
[1.833s] -- Build files have been written to: /home/yoonkangrok/Turtlebot3_Manipulator/build/usb_cam
[1.848s] Invoked command in '/home/yoonkangrok/Turtlebot3_Manipulator/build/usb_cam' returned '0': CMAKE_PREFIX_PATH=${CMAKE_PREFIX_PATH}:/home/yoonkangrok/Turtlebot3_Manipulator/install/turtlebot3_manipulator:/opt/ros/humble /usr/bin/cmake /home/yoonkangrok/Turtlebot3_Manipulator/src/usb_cam -DAMENT_CMAKE_SYMLINK_INSTALL=1 -DCMAKE_INSTALL_PREFIX=/home/yoonkangrok/Turtlebot3_Manipulator/install/usb_cam
[1.849s] Invoking command in '/home/yoonkangrok/Turtlebot3_Manipulator/build/usb_cam': CMAKE_PREFIX_PATH=${CMAKE_PREFIX_PATH}:/home/yoonkangrok/Turtlebot3_Manipulator/install/turtlebot3_manipulator:/opt/ros/humble /usr/bin/cmake --build /home/yoonkangrok/Turtlebot3_Manipulator/build/usb_cam -- -j8 -l8
[1.896s] [ 21%] [32mBuilding CXX object CMakeFiles/usb_cam_node_exe.dir/rclcpp_components/node_main_usb_cam_node_exe.cpp.o[0m
[1.896s] [ 21%] [32mBuilding CXX object gtest/CMakeFiles/gtest_main.dir/src/gtest_main.cc.o[0m
[1.896s] [ 21%] [32mBuilding CXX object CMakeFiles/usb_cam.dir/src/usb_cam.cpp.o[0m
[1.898s] [ 28%] [32mBuilding CXX object gtest/CMakeFiles/gtest.dir/src/gtest-all.cc.o[0m
[2.777s] [ 35%] [32m[1mLinking CXX static library libgtest_main.a[0m
[2.939s] [ 35%] Built target gtest_main
[3.565s] [ 42%] [32m[1mLinking CXX shared library libusb_cam.so[0m
[3.780s] [ 42%] Built target usb_cam
[3.798s] [ 50%] [32mBuilding CXX object CMakeFiles/usb_cam_node.dir/src/ros2/usb_cam_node.cpp.o[0m
[4.985s] [ 57%] [32m[1mLinking CXX static library libgtest.a[0m
[5.064s] [ 57%] Built target gtest
[5.072s] [ 64%] [32m[1mLinking CXX executable usb_cam_node_exe[0m
[5.081s] [ 71%] [32mBuilding CXX object CMakeFiles/test_pixel_formats.dir/test/test_pixel_formats.cpp.o[0m
[5.086s] [ 78%] [32mBuilding CXX object CMakeFiles/test_usb_cam_utils.dir/test/test_usb_cam_utils.cpp.o[0m
[5.267s] [ 78%] Built target usb_cam_node_exe
[6.268s] [ 85%] [32m[1mLinking CXX executable test_usb_cam_utils[0m
[6.421s] [ 85%] Built target test_usb_cam_utils
[6.466s] [ 92%] [32m[1mLinking CXX executable test_pixel_formats[0m
[6.605s] [ 92%] Built target test_pixel_formats
[10.229s] [100%] [32m[1mLinking CXX shared library libusb_cam_node.so[0m
[10.607s] [100%] Built target usb_cam_node
[10.618s] Invoked command in '/home/yoonkangrok/Turtlebot3_Manipulator/build/usb_cam' returned '0': CMAKE_PREFIX_PATH=${CMAKE_PREFIX_PATH}:/home/yoonkangrok/Turtlebot3_Manipulator/install/turtlebot3_manipulator:/opt/ros/humble /usr/bin/cmake --build /home/yoonkangrok/Turtlebot3_Manipulator/build/usb_cam -- -j8 -l8
[10.648s] Invoking command in '/home/yoonkangrok/Turtlebot3_Manipulator/build/usb_cam': CMAKE_PREFIX_PATH=${CMAKE_PREFIX_PATH}:/home/yoonkangrok/Turtlebot3_Manipulator/install/turtlebot3_manipulator:/opt/ros/humble /usr/bin/cmake --install /home/yoonkangrok/Turtlebot3_Manipulator/build/usb_cam
[10.654s] -- Install configuration: ""
[10.654s] -- Execute custom install script
[10.654s] -- Symlinking: /home/yoonkangrok/Turtlebot3_Manipulator/install/usb_cam/share/usb_cam/environment/library_path.sh
[10.662s] -- Symlinking: /home/yoonkangrok/Turtlebot3_Manipulator/install/usb_cam/share/usb_cam/environment/library_path.dsv
[10.671s] -- Symlinking: /home/yoonkangrok/Turtlebot3_Manipulator/install/usb_cam/lib/usb_cam/usb_cam_node_exe
[10.678s] -- Symlinking: /home/yoonkangrok/Turtlebot3_Manipulator/install/usb_cam/lib/usb_cam/show_image.py
[10.685s] -- Symlinking: /home/yoonkangrok/Turtlebot3_Manipulator/install/usb_cam/lib/libusb_cam.so
[10.692s] -- Symlinking: /home/yoonkangrok/Turtlebot3_Manipulator/install/usb_cam/lib/libusb_cam_node.so
[10.699s] -- Symlinking: /home/yoonkangrok/Turtlebot3_Manipulator/install/usb_cam/include/usb_cam/constants.hpp
[10.706s] -- Symlinking: /home/yoonkangrok/Turtlebot3_Manipulator/install/usb_cam/include/usb_cam/conversions.hpp
[10.713s] -- Symlinking: /home/yoonkangrok/Turtlebot3_Manipulator/install/usb_cam/include/usb_cam/formats/av_pixel_format_helper.hpp
[10.720s] -- Symlinking: /home/yoonkangrok/Turtlebot3_Manipulator/install/usb_cam/include/usb_cam/formats/m420.hpp
[10.727s] -- Symlinking: /home/yoonkangrok/Turtlebot3_Manipulator/install/usb_cam/include/usb_cam/formats/mjpeg.hpp
[10.734s] -- Symlinking: /home/yoonkangrok/Turtlebot3_Manipulator/install/usb_cam/include/usb_cam/formats/mono.hpp
[10.741s] -- Symlinking: /home/yoonkangrok/Turtlebot3_Manipulator/install/usb_cam/include/usb_cam/formats/pixel_format_base.hpp
[10.748s] -- Symlinking: /home/yoonkangrok/Turtlebot3_Manipulator/install/usb_cam/include/usb_cam/formats/rgb.hpp
[10.756s] -- Symlinking: /home/yoonkangrok/Turtlebot3_Manipulator/install/usb_cam/include/usb_cam/formats/utils.hpp
[10.764s] -- Symlinking: /home/yoonkangrok/Turtlebot3_Manipulator/install/usb_cam/include/usb_cam/formats/uyvy.hpp
[10.772s] -- Symlinking: /home/yoonkangrok/Turtlebot3_Manipulator/install/usb_cam/include/usb_cam/formats/yuyv.hpp
[10.780s] -- Symlinking: /home/yoonkangrok/Turtlebot3_Manipulator/install/usb_cam/include/usb_cam/usb_cam.hpp
[10.787s] -- Symlinking: /home/yoonkangrok/Turtlebot3_Manipulator/install/usb_cam/include/usb_cam/usb_cam_node.hpp
[10.794s] -- Symlinking: /home/yoonkangrok/Turtlebot3_Manipulator/install/usb_cam/include/usb_cam/utils.hpp
[10.801s] -- Up-to-date symlink: /home/yoonkangrok/Turtlebot3_Manipulator/install/usb_cam/lib/libusb_cam_node.so
[10.801s] -- Symlinking: /home/yoonkangrok/Turtlebot3_Manipulator/install/usb_cam/share/usb_cam/launch/__init__.py
[10.808s] -- Symlinking: /home/yoonkangrok/Turtlebot3_Manipulator/install/usb_cam/share/usb_cam/launch/camera.launch.py
[10.816s] -- Symlinking: /home/yoonkangrok/Turtlebot3_Manipulator/install/usb_cam/share/usb_cam/launch/camera_config.py
[10.824s] -- Symlinking: /home/yoonkangrok/Turtlebot3_Manipulator/install/usb_cam/share/usb_cam/config/camera_info.yaml
[10.831s] -- Symlinking: /home/yoonkangrok/Turtlebot3_Manipulator/install/usb_cam/share/usb_cam/config/params_1.yaml
[10.838s] -- Symlinking: /home/yoonkangrok/Turtlebot3_Manipulator/install/usb_cam/share/usb_cam/config/params_2.yaml
[10.845s] -- Symlinking: /home/yoonkangrok/Turtlebot3_Manipulator/install/usb_cam/share/ament_index/resource_index/package_run_dependencies/usb_cam
[10.852s] -- Symlinking: /home/yoonkangrok/Turtlebot3_Manipulator/install/usb_cam/share/ament_index/resource_index/parent_prefix_path/usb_cam
[10.861s] -- Symlinking: /home/yoonkangrok/Turtlebot3_Manipulator/install/usb_cam/share/usb_cam/environment/ament_prefix_path.sh
[10.869s] -- Symlinking: /home/yoonkangrok/Turtlebot3_Manipulator/install/usb_cam/share/usb_cam/environment/ament_prefix_path.dsv
[10.877s] -- Symlinking: /home/yoonkangrok/Turtlebot3_Manipulator/install/usb_cam/share/usb_cam/environment/path.sh
[10.884s] -- Symlinking: /home/yoonkangrok/Turtlebot3_Manipulator/install/usb_cam/share/usb_cam/environment/path.dsv
[10.891s] -- Symlinking: /home/yoonkangrok/Turtlebot3_Manipulator/install/usb_cam/share/usb_cam/local_setup.bash
[10.898s] -- Symlinking: /home/yoonkangrok/Turtlebot3_Manipulator/install/usb_cam/share/usb_cam/local_setup.sh
[10.905s] -- Symlinking: /home/yoonkangrok/Turtlebot3_Manipulator/install/usb_cam/share/usb_cam/local_setup.zsh
[10.912s] -- Symlinking: /home/yoonkangrok/Turtlebot3_Manipulator/install/usb_cam/share/usb_cam/local_setup.dsv
[10.919s] -- Symlinking: /home/yoonkangrok/Turtlebot3_Manipulator/install/usb_cam/share/usb_cam/package.dsv
[10.926s] -- Symlinking: /home/yoonkangrok/Turtlebot3_Manipulator/install/usb_cam/share/ament_index/resource_index/packages/usb_cam
[10.933s] -- Symlinking: /home/yoonkangrok/Turtlebot3_Manipulator/install/usb_cam/share/ament_index/resource_index/rclcpp_components/usb_cam
[10.940s] -- Symlinking: /home/yoonkangrok/Turtlebot3_Manipulator/install/usb_cam/share/usb_cam/cmake/ament_cmake_export_libraries-extras.cmake
[10.947s] -- Symlinking: /home/yoonkangrok/Turtlebot3_Manipulator/install/usb_cam/share/usb_cam/cmake/ament_cmake_export_dependencies-extras.cmake
[10.957s] -- Symlinking: /home/yoonkangrok/Turtlebot3_Manipulator/install/usb_cam/share/usb_cam/cmake/ament_cmake_export_include_directories-extras.cmake
[10.964s] -- Symlinking: /home/yoonkangrok/Turtlebot3_Manipulator/install/usb_cam/share/usb_cam/cmake/usb_camConfig.cmake
[10.972s] -- Symlinking: /home/yoonkangrok/Turtlebot3_Manipulator/install/usb_cam/share/usb_cam/cmake/usb_camConfig-version.cmake
[10.979s] -- Symlinking: /home/yoonkangrok/Turtlebot3_Manipulator/install/usb_cam/share/usb_cam/package.xml
[10.989s] Invoked command in '/home/yoonkangrok/Turtlebot3_Manipulator/build/usb_cam' returned '0': CMAKE_PREFIX_PATH=${CMAKE_PREFIX_PATH}:/home/yoonkangrok/Turtlebot3_Manipulator/install/turtlebot3_manipulator:/opt/ros/humble /usr/bin/cmake --install /home/yoonkangrok/Turtlebot3_Manipulator/build/usb_cam
