[0.010s] Invoking command in '/home/yoonkangrok/Turtlebot3_Manipulator/build/manipulator_interface': CMAKE_PREFIX_PATH=${CMAKE_PREFIX_PATH}:/home/yoonkangrok/Turtlebot3_Manipulator/install/turtlebot3_manipulator:/opt/ros/humble /usr/bin/cmake --build /home/yoonkangrok/Turtlebot3_Manipulator/build/manipulator_interface -- -j8 -l8
[0.077s] [  3%] Built target manipulator_interface__cpp
[0.079s] [ 12%] Built target manipulator_interface__rosidl_generator_c
[0.083s] [ 12%] Built target ament_cmake_python_symlink_manipulator_interface
[0.103s] [ 22%] Built target manipulator_interface__rosidl_typesupport_cpp
[0.107s] [ 32%] Built target manipulator_interface__rosidl_typesupport_fastrtps_cpp
[0.107s] [ 41%] Built target manipulator_interface__rosidl_typesupport_fastrtps_c
[0.108s] [ 51%] Built target manipulator_interface__rosidl_typesupport_introspection_cpp
[0.110s] [ 61%] Built target manipulator_interface__rosidl_typesupport_introspection_c
[0.112s] [ 70%] Built target manipulator_interface__rosidl_typesupport_c
[0.142s] [ 70%] Built target manipulator_interface
[0.159s] [ 74%] Built target manipulator_interface__py
[0.177s] [ 80%] Built target manipulator_interface__rosidl_generator_py
[0.207s] [ 87%] Built target manipulator_interface__rosidl_typesupport_c__pyext
[0.208s] [ 93%] Built target manipulator_interface__rosidl_typesupport_fastrtps_c__pyext
[0.210s] [100%] Built target manipulator_interface__rosidl_typesupport_introspection_c__pyext
[0.335s] running egg_info
[0.336s] writing manipulator_interface.egg-info/PKG-INFO
[0.336s] writing dependency_links to manipulator_interface.egg-info/dependency_links.txt
[0.336s] writing top-level names to manipulator_interface.egg-info/top_level.txt
[0.339s] reading manifest file 'manipulator_interface.egg-info/SOURCES.txt'
[0.339s] writing manifest file 'manipulator_interface.egg-info/SOURCES.txt'
[0.360s] [100%] Built target ament_cmake_python_build_manipulator_interface_egg
[0.368s] Invoked command in '/home/yoonkangrok/Turtlebot3_Manipulator/build/manipulator_interface' returned '0': CMAKE_PREFIX_PATH=${CMAKE_PREFIX_PATH}:/home/yoonkangrok/Turtlebot3_Manipulator/install/turtlebot3_manipulator:/opt/ros/humble /usr/bin/cmake --build /home/yoonkangrok/Turtlebot3_Manipulator/build/manipulator_interface -- -j8 -l8
[0.414s] Invoking command in '/home/yoonkangrok/Turtlebot3_Manipulator/build/manipulator_interface': CMAKE_PREFIX_PATH=${CMAKE_PREFIX_PATH}:/home/yoonkangrok/Turtlebot3_Manipulator/install/turtlebot3_manipulator:/opt/ros/humble /usr/bin/cmake --install /home/yoonkangrok/Turtlebot3_Manipulator/build/manipulator_interface
[0.420s] -- Install configuration: ""
[0.421s] -- Execute custom install script
[0.421s] -- Up-to-date symlink: /home/yoonkangrok/Turtlebot3_Manipulator/install/manipulator_interface/share/ament_index/resource_index/rosidl_interfaces/manipulator_interface
[0.421s] -- Up-to-date symlink: /home/yoonkangrok/Turtlebot3_Manipulator/install/manipulator_interface/include/manipulator_interface/manipulator_interface/msg/detail/log_msg__functions.h
[0.421s] -- Up-to-date symlink: /home/yoonkangrok/Turtlebot3_Manipulator/install/manipulator_interface/include/manipulator_interface/manipulator_interface/msg/detail/log_msg__struct.h
[0.421s] -- Up-to-date symlink: /home/yoonkangrok/Turtlebot3_Manipulator/install/manipulator_interface/include/manipulator_interface/manipulator_interface/msg/detail/log_msg__type_support.h
[0.421s] -- Up-to-date symlink: /home/yoonkangrok/Turtlebot3_Manipulator/install/manipulator_interface/include/manipulator_interface/manipulator_interface/msg/log_msg.h
[0.421s] -- Up-to-date symlink: /home/yoonkangrok/Turtlebot3_Manipulator/install/manipulator_interface/include/manipulator_interface/manipulator_interface/msg/rosidl_generator_c__visibility_control.h
[0.422s] -- Up-to-date symlink: /home/yoonkangrok/Turtlebot3_Manipulator/install/manipulator_interface/share/manipulator_interface/environment/library_path.sh
[0.422s] -- Up-to-date symlink: /home/yoonkangrok/Turtlebot3_Manipulator/install/manipulator_interface/share/manipulator_interface/environment/library_path.dsv
[0.422s] -- Up-to-date symlink: /home/yoonkangrok/Turtlebot3_Manipulator/install/manipulator_interface/include/manipulator_interface/manipulator_interface/msg/detail/log_msg__rosidl_typesupport_fastrtps_c.h
[0.422s] -- Up-to-date symlink: /home/yoonkangrok/Turtlebot3_Manipulator/install/manipulator_interface/include/manipulator_interface/manipulator_interface/msg/rosidl_typesupport_fastrtps_c__visibility_control.h
[0.423s] -- Up-to-date symlink: /home/yoonkangrok/Turtlebot3_Manipulator/install/manipulator_interface/include/manipulator_interface/manipulator_interface/msg/detail/log_msg__builder.hpp
[0.423s] -- Up-to-date symlink: /home/yoonkangrok/Turtlebot3_Manipulator/install/manipulator_interface/include/manipulator_interface/manipulator_interface/msg/detail/log_msg__struct.hpp
[0.423s] -- Up-to-date symlink: /home/yoonkangrok/Turtlebot3_Manipulator/install/manipulator_interface/include/manipulator_interface/manipulator_interface/msg/detail/log_msg__traits.hpp
[0.423s] -- Up-to-date symlink: /home/yoonkangrok/Turtlebot3_Manipulator/install/manipulator_interface/include/manipulator_interface/manipulator_interface/msg/log_msg.hpp
[0.423s] -- Up-to-date symlink: /home/yoonkangrok/Turtlebot3_Manipulator/install/manipulator_interface/include/manipulator_interface/manipulator_interface/msg/detail/log_msg__rosidl_typesupport_fastrtps_cpp.hpp
[0.423s] -- Up-to-date symlink: /home/yoonkangrok/Turtlebot3_Manipulator/install/manipulator_interface/include/manipulator_interface/manipulator_interface/msg/rosidl_typesupport_fastrtps_cpp__visibility_control.h
[0.423s] -- Up-to-date symlink: /home/yoonkangrok/Turtlebot3_Manipulator/install/manipulator_interface/include/manipulator_interface/manipulator_interface/msg/detail/log_msg__rosidl_typesupport_introspection_c.h
[0.423s] -- Up-to-date symlink: /home/yoonkangrok/Turtlebot3_Manipulator/install/manipulator_interface/include/manipulator_interface/manipulator_interface/msg/rosidl_typesupport_introspection_c__visibility_control.h
[0.424s] -- Up-to-date symlink: /home/yoonkangrok/Turtlebot3_Manipulator/install/manipulator_interface/include/manipulator_interface/manipulator_interface/msg/detail/log_msg__rosidl_typesupport_introspection_cpp.hpp
[0.424s] -- Up-to-date symlink: /home/yoonkangrok/Turtlebot3_Manipulator/install/manipulator_interface/share/manipulator_interface/environment/pythonpath.sh
[0.424s] -- Up-to-date symlink: /home/yoonkangrok/Turtlebot3_Manipulator/install/manipulator_interface/share/manipulator_interface/environment/pythonpath.dsv
[0.424s] -- Up-to-date symlink: /home/yoonkangrok/Turtlebot3_Manipulator/install/manipulator_interface/local/lib/python3.10/dist-packages/manipulator_interface-0.0.0-py3.10.egg-info/PKG-INFO
[0.424s] -- Up-to-date symlink: /home/yoonkangrok/Turtlebot3_Manipulator/install/manipulator_interface/local/lib/python3.10/dist-packages/manipulator_interface-0.0.0-py3.10.egg-info/SOURCES.txt
[0.424s] -- Up-to-date symlink: /home/yoonkangrok/Turtlebot3_Manipulator/install/manipulator_interface/local/lib/python3.10/dist-packages/manipulator_interface-0.0.0-py3.10.egg-info/dependency_links.txt
[0.424s] -- Up-to-date symlink: /home/yoonkangrok/Turtlebot3_Manipulator/install/manipulator_interface/local/lib/python3.10/dist-packages/manipulator_interface-0.0.0-py3.10.egg-info/top_level.txt
[0.425s] -- Up-to-date symlink: /home/yoonkangrok/Turtlebot3_Manipulator/install/manipulator_interface/local/lib/python3.10/dist-packages/manipulator_interface/__init__.py
[0.425s] -- Up-to-date symlink: /home/yoonkangrok/Turtlebot3_Manipulator/install/manipulator_interface/local/lib/python3.10/dist-packages/manipulator_interface/_manipulator_interface_s.ep.rosidl_typesupport_c.c
[0.425s] -- Up-to-date symlink: /home/yoonkangrok/Turtlebot3_Manipulator/install/manipulator_interface/local/lib/python3.10/dist-packages/manipulator_interface/_manipulator_interface_s.ep.rosidl_typesupport_fastrtps_c.c
[0.425s] -- Up-to-date symlink: /home/yoonkangrok/Turtlebot3_Manipulator/install/manipulator_interface/local/lib/python3.10/dist-packages/manipulator_interface/_manipulator_interface_s.ep.rosidl_typesupport_introspection_c.c
[0.425s] -- Up-to-date symlink: /home/yoonkangrok/Turtlebot3_Manipulator/install/manipulator_interface/local/lib/python3.10/dist-packages/manipulator_interface/libmanipulator_interface__rosidl_generator_py.so
[0.425s] -- Up-to-date symlink: /home/yoonkangrok/Turtlebot3_Manipulator/install/manipulator_interface/local/lib/python3.10/dist-packages/manipulator_interface/manipulator_interface_s__rosidl_typesupport_c.cpython-310-x86_64-linux-gnu.so
[0.425s] -- Up-to-date symlink: /home/yoonkangrok/Turtlebot3_Manipulator/install/manipulator_interface/local/lib/python3.10/dist-packages/manipulator_interface/manipulator_interface_s__rosidl_typesupport_fastrtps_c.cpython-310-x86_64-linux-gnu.so
[0.425s] -- Up-to-date symlink: /home/yoonkangrok/Turtlebot3_Manipulator/install/manipulator_interface/local/lib/python3.10/dist-packages/manipulator_interface/manipulator_interface_s__rosidl_typesupport_introspection_c.cpython-310-x86_64-linux-gnu.so
[0.425s] -- Up-to-date symlink: /home/yoonkangrok/Turtlebot3_Manipulator/install/manipulator_interface/local/lib/python3.10/dist-packages/manipulator_interface/msg/__init__.py
[0.425s] -- Up-to-date symlink: /home/yoonkangrok/Turtlebot3_Manipulator/install/manipulator_interface/local/lib/python3.10/dist-packages/manipulator_interface/msg/_log_msg.py
[0.425s] -- Up-to-date symlink: /home/yoonkangrok/Turtlebot3_Manipulator/install/manipulator_interface/local/lib/python3.10/dist-packages/manipulator_interface/msg/_log_msg_s.c
[0.426s] -- Up-to-date symlink: /home/yoonkangrok/Turtlebot3_Manipulator/install/manipulator_interface/local/lib/python3.10/dist-packages/manipulator_interface/manipulator_interface_s__rosidl_typesupport_fastrtps_c.cpython-310-x86_64-linux-gnu.so
[0.426s] -- Up-to-date symlink: /home/yoonkangrok/Turtlebot3_Manipulator/install/manipulator_interface/local/lib/python3.10/dist-packages/manipulator_interface/manipulator_interface_s__rosidl_typesupport_introspection_c.cpython-310-x86_64-linux-gnu.so
[0.426s] -- Up-to-date symlink: /home/yoonkangrok/Turtlebot3_Manipulator/install/manipulator_interface/local/lib/python3.10/dist-packages/manipulator_interface/manipulator_interface_s__rosidl_typesupport_c.cpython-310-x86_64-linux-gnu.so
[0.426s] -- Up-to-date symlink: /home/yoonkangrok/Turtlebot3_Manipulator/install/manipulator_interface/share/manipulator_interface/msg/LogMsg.idl
[0.426s] -- Up-to-date symlink: /home/yoonkangrok/Turtlebot3_Manipulator/install/manipulator_interface/share/manipulator_interface/msg/LogMsg.msg
[0.426s] -- Up-to-date symlink: /home/yoonkangrok/Turtlebot3_Manipulator/install/manipulator_interface/share/ament_index/resource_index/package_run_dependencies/manipulator_interface
[0.426s] -- Up-to-date symlink: /home/yoonkangrok/Turtlebot3_Manipulator/install/manipulator_interface/share/ament_index/resource_index/parent_prefix_path/manipulator_interface
[0.426s] -- Up-to-date symlink: /home/yoonkangrok/Turtlebot3_Manipulator/install/manipulator_interface/share/manipulator_interface/environment/ament_prefix_path.sh
[0.427s] -- Up-to-date symlink: /home/yoonkangrok/Turtlebot3_Manipulator/install/manipulator_interface/share/manipulator_interface/environment/ament_prefix_path.dsv
[0.427s] -- Up-to-date symlink: /home/yoonkangrok/Turtlebot3_Manipulator/install/manipulator_interface/share/manipulator_interface/environment/path.sh
[0.427s] -- Up-to-date symlink: /home/yoonkangrok/Turtlebot3_Manipulator/install/manipulator_interface/share/manipulator_interface/environment/path.dsv
[0.427s] -- Up-to-date symlink: /home/yoonkangrok/Turtlebot3_Manipulator/install/manipulator_interface/share/manipulator_interface/local_setup.bash
[0.427s] -- Up-to-date symlink: /home/yoonkangrok/Turtlebot3_Manipulator/install/manipulator_interface/share/manipulator_interface/local_setup.sh
[0.427s] -- Up-to-date symlink: /home/yoonkangrok/Turtlebot3_Manipulator/install/manipulator_interface/share/manipulator_interface/local_setup.zsh
[0.427s] -- Up-to-date symlink: /home/yoonkangrok/Turtlebot3_Manipulator/install/manipulator_interface/share/manipulator_interface/local_setup.dsv
[0.427s] -- Symlinking: /home/yoonkangrok/Turtlebot3_Manipulator/install/manipulator_interface/share/manipulator_interface/package.dsv
[0.438s] -- Up-to-date symlink: /home/yoonkangrok/Turtlebot3_Manipulator/install/manipulator_interface/share/ament_index/resource_index/packages/manipulator_interface
[0.438s] -- Up-to-date symlink: /home/yoonkangrok/Turtlebot3_Manipulator/install/manipulator_interface/share/manipulator_interface/cmake/rosidl_cmake-extras.cmake
[0.438s] -- Up-to-date symlink: /home/yoonkangrok/Turtlebot3_Manipulator/install/manipulator_interface/share/manipulator_interface/cmake/ament_cmake_export_dependencies-extras.cmake
[0.438s] -- Up-to-date symlink: /home/yoonkangrok/Turtlebot3_Manipulator/install/manipulator_interface/share/manipulator_interface/cmake/ament_cmake_export_include_directories-extras.cmake
[0.438s] -- Up-to-date symlink: /home/yoonkangrok/Turtlebot3_Manipulator/install/manipulator_interface/share/manipulator_interface/cmake/ament_cmake_export_libraries-extras.cmake
[0.438s] -- Up-to-date symlink: /home/yoonkangrok/Turtlebot3_Manipulator/install/manipulator_interface/share/manipulator_interface/cmake/ament_cmake_export_targets-extras.cmake
[0.438s] -- Up-to-date symlink: /home/yoonkangrok/Turtlebot3_Manipulator/install/manipulator_interface/share/manipulator_interface/cmake/rosidl_cmake_export_typesupport_targets-extras.cmake
[0.439s] -- Up-to-date symlink: /home/yoonkangrok/Turtlebot3_Manipulator/install/manipulator_interface/share/manipulator_interface/cmake/rosidl_cmake_export_typesupport_libraries-extras.cmake
[0.439s] -- Up-to-date symlink: /home/yoonkangrok/Turtlebot3_Manipulator/install/manipulator_interface/share/manipulator_interface/cmake/manipulator_interfaceConfig.cmake
[0.439s] -- Up-to-date symlink: /home/yoonkangrok/Turtlebot3_Manipulator/install/manipulator_interface/share/manipulator_interface/cmake/manipulator_interfaceConfig-version.cmake
[0.439s] -- Up-to-date symlink: /home/yoonkangrok/Turtlebot3_Manipulator/install/manipulator_interface/share/manipulator_interface/package.xml
[0.439s] -- Up-to-date: /home/yoonkangrok/Turtlebot3_Manipulator/install/manipulator_interface/lib/libmanipulator_interface__rosidl_generator_c.so
[0.440s] -- Up-to-date: /home/yoonkangrok/Turtlebot3_Manipulator/install/manipulator_interface/lib/libmanipulator_interface__rosidl_typesupport_fastrtps_c.so
[0.440s] -- Up-to-date: /home/yoonkangrok/Turtlebot3_Manipulator/install/manipulator_interface/lib/libmanipulator_interface__rosidl_typesupport_fastrtps_cpp.so
[0.440s] -- Up-to-date: /home/yoonkangrok/Turtlebot3_Manipulator/install/manipulator_interface/lib/libmanipulator_interface__rosidl_typesupport_introspection_c.so
[0.440s] -- Up-to-date: /home/yoonkangrok/Turtlebot3_Manipulator/install/manipulator_interface/lib/libmanipulator_interface__rosidl_typesupport_c.so
[0.441s] -- Up-to-date: /home/yoonkangrok/Turtlebot3_Manipulator/install/manipulator_interface/lib/libmanipulator_interface__rosidl_typesupport_introspection_cpp.so
[0.441s] -- Up-to-date: /home/yoonkangrok/Turtlebot3_Manipulator/install/manipulator_interface/lib/libmanipulator_interface__rosidl_typesupport_cpp.so
[0.466s] Listing '/home/yoonkangrok/Turtlebot3_Manipulator/install/manipulator_interface/local/lib/python3.10/dist-packages/manipulator_interface'...
[0.466s] Listing '/home/yoonkangrok/Turtlebot3_Manipulator/install/manipulator_interface/local/lib/python3.10/dist-packages/manipulator_interface/msg'...
[0.471s] -- Up-to-date: /home/yoonkangrok/Turtlebot3_Manipulator/install/manipulator_interface/lib/libmanipulator_interface__rosidl_generator_py.so
[0.471s] -- Up-to-date: /home/yoonkangrok/Turtlebot3_Manipulator/install/manipulator_interface/share/manipulator_interface/cmake/export_manipulator_interface__rosidl_generator_cExport.cmake
[0.471s] -- Up-to-date: /home/yoonkangrok/Turtlebot3_Manipulator/install/manipulator_interface/share/manipulator_interface/cmake/export_manipulator_interface__rosidl_generator_cExport-noconfig.cmake
[0.471s] -- Up-to-date: /home/yoonkangrok/Turtlebot3_Manipulator/install/manipulator_interface/share/manipulator_interface/cmake/export_manipulator_interface__rosidl_typesupport_fastrtps_cExport.cmake
[0.471s] -- Up-to-date: /home/yoonkangrok/Turtlebot3_Manipulator/install/manipulator_interface/share/manipulator_interface/cmake/export_manipulator_interface__rosidl_typesupport_fastrtps_cExport-noconfig.cmake
[0.471s] -- Up-to-date: /home/yoonkangrok/Turtlebot3_Manipulator/install/manipulator_interface/share/manipulator_interface/cmake/export_manipulator_interface__rosidl_generator_cppExport.cmake
[0.471s] -- Up-to-date: /home/yoonkangrok/Turtlebot3_Manipulator/install/manipulator_interface/share/manipulator_interface/cmake/export_manipulator_interface__rosidl_typesupport_fastrtps_cppExport.cmake
[0.471s] -- Up-to-date: /home/yoonkangrok/Turtlebot3_Manipulator/install/manipulator_interface/share/manipulator_interface/cmake/export_manipulator_interface__rosidl_typesupport_fastrtps_cppExport-noconfig.cmake
[0.471s] -- Up-to-date: /home/yoonkangrok/Turtlebot3_Manipulator/install/manipulator_interface/share/manipulator_interface/cmake/manipulator_interface__rosidl_typesupport_introspection_cExport.cmake
[0.471s] -- Up-to-date: /home/yoonkangrok/Turtlebot3_Manipulator/install/manipulator_interface/share/manipulator_interface/cmake/manipulator_interface__rosidl_typesupport_introspection_cExport-noconfig.cmake
[0.471s] -- Up-to-date: /home/yoonkangrok/Turtlebot3_Manipulator/install/manipulator_interface/share/manipulator_interface/cmake/manipulator_interface__rosidl_typesupport_cExport.cmake
[0.471s] -- Up-to-date: /home/yoonkangrok/Turtlebot3_Manipulator/install/manipulator_interface/share/manipulator_interface/cmake/manipulator_interface__rosidl_typesupport_cExport-noconfig.cmake
[0.471s] -- Up-to-date: /home/yoonkangrok/Turtlebot3_Manipulator/install/manipulator_interface/share/manipulator_interface/cmake/manipulator_interface__rosidl_typesupport_introspection_cppExport.cmake
[0.472s] -- Up-to-date: /home/yoonkangrok/Turtlebot3_Manipulator/install/manipulator_interface/share/manipulator_interface/cmake/manipulator_interface__rosidl_typesupport_introspection_cppExport-noconfig.cmake
[0.472s] -- Up-to-date: /home/yoonkangrok/Turtlebot3_Manipulator/install/manipulator_interface/share/manipulator_interface/cmake/manipulator_interface__rosidl_typesupport_cppExport.cmake
[0.472s] -- Up-to-date: /home/yoonkangrok/Turtlebot3_Manipulator/install/manipulator_interface/share/manipulator_interface/cmake/manipulator_interface__rosidl_typesupport_cppExport-noconfig.cmake
[0.472s] -- Up-to-date: /home/yoonkangrok/Turtlebot3_Manipulator/install/manipulator_interface/share/manipulator_interface/cmake/export_manipulator_interface__rosidl_generator_pyExport.cmake
[0.472s] -- Up-to-date: /home/yoonkangrok/Turtlebot3_Manipulator/install/manipulator_interface/share/manipulator_interface/cmake/export_manipulator_interface__rosidl_generator_pyExport-noconfig.cmake
[0.474s] Invoked command in '/home/yoonkangrok/Turtlebot3_Manipulator/build/manipulator_interface' returned '0': CMAKE_PREFIX_PATH=${CMAKE_PREFIX_PATH}:/home/yoonkangrok/Turtlebot3_Manipulator/install/turtlebot3_manipulator:/opt/ros/humble /usr/bin/cmake --install /home/yoonkangrok/Turtlebot3_Manipulator/build/manipulator_interface
